[
  {
    "description": "User can see the Welcome message on the login page",
    "assertions": [
      {
        "passed": true
      },
      {
        "passed": true
      },
      {
        "passed": true
      },
      {
        "passed": true
      }
    ],
    "duration": 1671324914
  },
  {
    "description": "Successful Login",
    "assertions": [
      {
        "passed": true
      },
      {
        "passed": true
      },
      {
        "passed": true
      },
      {
        "passed": true
      },
      {
        "passed": true
      },
      {
        "passed": true
      },
      {
        "passed": true
      },
      {
        "passed": true
      },
      {
        "passed": true
      },
      {
        "passed": true
      },
      {
        "passed": true
      }
    ],
    "duration": 4791849046
  },
  {
    "description": "Successful Login",
    "assertions": [
      {
        "passed": true
      },
      {
        "passed": true
      },
      {
        "passed": true
      },
      {
        "passed": true
      },
      {
        "passed": true
      },
      {
        "passed": true
      },
      {
        "passed": true
      },
      {
        "passed": true
      },
      {
        "passed": true
      },
      {
        "passed": true
      },
      {
        "passed": true
      }
    ],
    "duration": 4577202368
  },
  {
    "description": "Successful Login",
    "assertions": [
      {
        "passed": true
      },
      {
        "passed": true
      },
      {
        "passed": true
      },
      {
        "passed": true
      },
      {
        "passed": true
      },
      {
        "passed": false,
        "errorMsg": "Wait timed out after 3008ms",
        "stackTrace": "Error: Wait timed out after 3008ms\n    at /Users/dbbe/dbbe-e2e-tests/node_modules/selenium-webdriver/lib/promise.js:2241:22\n    at Promise.invokeCallback_ (/Users/dbbe/dbbe-e2e-tests/node_modules/selenium-webdriver/lib/promise.js:1329:14)\n    at TaskQueue.execute_ (/Users/dbbe/dbbe-e2e-tests/node_modules/selenium-webdriver/lib/promise.js:2790:14)\n    at TaskQueue.executeNext_ (/Users/dbbe/dbbe-e2e-tests/node_modules/selenium-webdriver/lib/promise.js:2773:21)\n    at asyncRun (/Users/dbbe/dbbe-e2e-tests/node_modules/selenium-webdriver/lib/promise.js:2652:27)\n    at /Users/dbbe/dbbe-e2e-tests/node_modules/selenium-webdriver/lib/promise.js:639:7\n    at process._tickCallback (internal/process/next_tick.js:103:7)\nFrom: Task: <anonymous wait>\n    at ControlFlow.wait (/Users/dbbe/dbbe-e2e-tests/node_modules/selenium-webdriver/lib/promise.js:2229:17)\n    at WebDriver.wait (/Users/dbbe/dbbe-e2e-tests/node_modules/selenium-webdriver/lib/webdriver.js:688:29)\n    at Protractor.to.(anonymous function) [as wait] (/Users/dbbe/dbbe-e2e-tests/node_modules/protractor/built/protractor.js:55:29)\n    at SideNavigation.waitForHomePageUrl (/Users/dbbe/dbbe-e2e-tests/Pages/SideNavigation.js:28:43)\n    at World.<anonymous> (/Users/dbbe/dbbe-e2e-tests/features/step_definitions/portalNavigation_steps.js:17:41)"
      },
      {
        "passed": true
      }
    ],
    "duration": null
  },
  {
    "description": "User can see Fraud Warning Message on the login page in the Scam email message container",
    "assertions": [
      {
        "passed": true
      },
      {
        "passed": true
      },
      {
        "passed": true
      },
      {
        "passed": true
      }
    ],
    "duration": 885504180
  },
  {
    "description": "Terms & conditions link verification",
    "assertions": [
      {
        "passed": true
      },
      {
        "passed": true
      },
      {
        "passed": true
      },
      {
        "passed": true
      },
      {
        "passed": true
      },
      {
        "passed": true
      }
    ],
    "duration": 1303581257
  },
  {
    "description": "Privacy Policy link verification",
    "assertions": [
      {
        "passed": true
      },
      {
        "passed": true
      },
      {
        "passed": true
      },
      {
        "passed": true
      },
      {
        "passed": true
      },
      {
        "passed": true
      }
    ],
    "duration": 2253633477
  },
  {
    "description": "Fraud Prevention Page link verification",
    "assertions": [
      {
        "passed": true
      },
      {
        "passed": true
      },
      {
        "passed": true
      },
      {
        "passed": true
      },
      {
        "passed": true
      },
      {
        "passed": true
      }
    ],
    "duration": 1525078556
  },
  {
    "description": "Security Pages link verification",
    "assertions": [
      {
        "passed": true
      },
      {
        "passed": true
      },
      {
        "passed": true
      },
      {
        "passed": true
      },
      {
        "passed": true
      },
      {
        "passed": true
      }
    ],
    "duration": 2220937148
  },
  {
    "description": "Legal Pages link verification",
    "assertions": [
      {
        "passed": true
      },
      {
        "passed": true
      },
      {
        "passed": true
      },
      {
        "passed": true
      },
      {
        "passed": true
      },
      {
        "passed": true
      }
    ],
    "duration": 1373580559
  },
  {
    "description": "Precondition",
    "assertions": [
      {
        "passed": true
      },
      {
        "passed": true
      }
    ],
    "duration": 691392336
  },
  {
    "description": "Mask sensitive data Login input fields",
    "assertions": [
      {
        "passed": true
      },
      {
        "passed": true
      },
      {
        "passed": true
      }
    ],
    "duration": 94528535
  },
  {
    "description": "Prerequisites",
    "assertions": [
      {
        "passed": true
      },
      {
        "passed": true
      },
      {
        "passed": true
      }
    ],
    "duration": 2391039243
  },
  {
    "description": "Login page - Disable User ID field Auto-helpers",
    "assertions": [
      {
        "passed": true
      },
      {
        "passed": true
      }
    ],
    "duration": 32894707
  },
  {
    "description": "Login page - Disable User ID field Auto-helpers",
    "assertions": [
      {
        "passed": true
      },
      {
        "passed": true
      }
    ],
    "duration": 24811712
  },
  {
    "description": "Login page - Disable User ID field Auto-helpers",
    "assertions": [
      {
        "passed": true
      },
      {
        "passed": true
      }
    ],
    "duration": 23237292
  },
  {
    "description": "Login page - Disable User ID field Auto-helpers",
    "assertions": [
      {
        "passed": true
      },
      {
        "passed": true
      }
    ],
    "duration": 23708286
  },
  {
    "description": "Login page - Disable password field Auto-helpers",
    "assertions": [
      {
        "passed": true
      },
      {
        "passed": true
      }
    ],
    "duration": 24061820
  },
  {
    "description": "Login page - Disable password field Auto-helpers",
    "assertions": [
      {
        "passed": true
      },
      {
        "passed": true
      }
    ],
    "duration": 23760948
  },
  {
    "description": "Login page - Disable password field Auto-helpers",
    "assertions": [
      {
        "passed": true
      },
      {
        "passed": true
      }
    ],
    "duration": 24875316
  },
  {
    "description": "Login page - Disable password field Auto-helpers",
    "assertions": [
      {
        "passed": true
      },
      {
        "passed": true
      }
    ],
    "duration": 25919887
  },
  {
    "description": "Login page - OTC password field Auto-helpers",
    "assertions": [
      {
        "passed": true
      },
      {
        "passed": true
      }
    ],
    "duration": 24253074
  },
  {
    "description": "Login page - OTC password field Auto-helpers",
    "assertions": [
      {
        "passed": true
      },
      {
        "passed": true
      }
    ],
    "duration": 23881529
  },
  {
    "description": "Login page - OTC password field Auto-helpers",
    "assertions": [
      {
        "passed": true
      },
      {
        "passed": true
      }
    ],
    "duration": 23021125
  },
  {
    "description": "Login page - OTC password field Auto-helpers",
    "assertions": [
      {
        "passed": true
      },
      {
        "passed": true
      }
    ],
    "duration": 25223085
  },
  {
    "description": "Unsuccessful Login Attempts",
    "assertions": [
      {
        "passed": true
      },
      {
        "passed": true
      },
      {
        "passed": true
      },
      {
        "passed": true
      },
      {
        "passed": true
      },
      {
        "passed": true
      },
      {
        "passed": true
      },
      {
        "passed": true
      }
    ],
    "duration": 3702739318
  },
  {
    "description": "Unsuccessful Login Attempts",
    "assertions": [
      {
        "passed": true
      },
      {
        "passed": true
      },
      {
        "passed": true
      },
      {
        "passed": true
      },
      {
        "passed": true
      },
      {
        "passed": true
      },
      {
        "passed": true
      },
      {
        "passed": true
      }
    ],
    "duration": 2187506069
  },
  {
    "description": "Unsuccessful Login Attempts",
    "assertions": [
      {
        "passed": true
      },
      {
        "passed": true
      },
      {
        "passed": true
      },
      {
        "passed": true
      },
      {
        "passed": true
      },
      {
        "passed": true
      },
      {
        "passed": true
      },
      {
        "passed": true
      }
    ],
    "duration": 3419613533
  },
  {
    "description": "Unsuccessful Login Attempts",
    "assertions": [
      {
        "passed": true
      },
      {
        "passed": true
      },
      {
        "passed": true
      },
      {
        "passed": true
      },
      {
        "passed": true
      },
      {
        "passed": true
      },
      {
        "passed": true
      },
      {
        "passed": true
      }
    ],
    "duration": 3677330849
  },
  {
    "description": "Unsuccessful Login Attempts",
    "assertions": [
      {
        "passed": true
      },
      {
        "passed": true
      },
      {
        "passed": true
      },
      {
        "passed": true
      },
      {
        "passed": true
      },
      {
        "passed": true
      },
      {
        "passed": true
      },
      {
        "passed": true
      }
    ],
    "duration": 5020772936
  },
  {
    "description": "Unsuccessful Login Attempts",
    "assertions": [
      {
        "passed": true
      },
      {
        "passed": true
      },
      {
        "passed": true
      },
      {
        "passed": true
      },
      {
        "passed": true
      },
      {
        "passed": true
      },
      {
        "passed": false,
        "errorMsg": "expected '' to equal 'User HELEN025 is not authorized!'",
        "stackTrace": "AssertionError: expected '' to equal 'User HELEN025 is not authorized!'"
      },
      {
        "passed": true
      }
    ],
    "duration": 5684597431
  },
  {
    "description": "Unsuccessful Login Attempts",
    "assertions": [
      {
        "passed": true
      },
      {
        "passed": true
      },
      {
        "passed": true
      },
      {
        "passed": true
      },
      {
        "passed": true
      },
      {
        "passed": true
      },
      {
        "passed": true
      },
      {
        "passed": true
      }
    ],
    "duration": 2437789157
  },
  {
    "description": "Logout button presence verification",
    "assertions": [
      {
        "passed": true
      },
      {
        "passed": false,
        "errorMsg": "Wait timed out after 3022ms",
        "stackTrace": "Error: Wait timed out after 3022ms\n    at /Users/dbbe/dbbe-e2e-tests/node_modules/selenium-webdriver/lib/promise.js:2241:22\n    at Promise.invokeCallback_ (/Users/dbbe/dbbe-e2e-tests/node_modules/selenium-webdriver/lib/promise.js:1329:14)\n    at TaskQueue.execute_ (/Users/dbbe/dbbe-e2e-tests/node_modules/selenium-webdriver/lib/promise.js:2790:14)\n    at TaskQueue.executeNext_ (/Users/dbbe/dbbe-e2e-tests/node_modules/selenium-webdriver/lib/promise.js:2773:21)\n    at asyncRun (/Users/dbbe/dbbe-e2e-tests/node_modules/selenium-webdriver/lib/promise.js:2652:27)\n    at /Users/dbbe/dbbe-e2e-tests/node_modules/selenium-webdriver/lib/promise.js:639:7\n    at process._tickCallback (internal/process/next_tick.js:103:7)\nFrom: Task: <anonymous wait>\n    at ControlFlow.wait (/Users/dbbe/dbbe-e2e-tests/node_modules/selenium-webdriver/lib/promise.js:2229:17)\n    at WebDriver.wait (/Users/dbbe/dbbe-e2e-tests/node_modules/selenium-webdriver/lib/webdriver.js:688:29)\n    at Protractor.to.(anonymous function) [as wait] (/Users/dbbe/dbbe-e2e-tests/node_modules/protractor/built/protractor.js:55:29)\n    at DashboardPage.userMenuLoaded (/Users/dbbe/dbbe-e2e-tests/Pages/Dashboard.js:20:39)\n    at World.<anonymous> (/Users/dbbe/dbbe-e2e-tests/features/step_definitions/logout_steps.js:15:26)"
      },
      {
        "passed": true
      }
    ],
    "duration": null
  },
  {
    "description": "Prerequisites",
    "assertions": [
      {
        "passed": true
      },
      {
        "passed": true
      },
      {
        "passed": true
      }
    ],
    "duration": 4072390075
  },
  {
    "description": "Cancel action in the Logout confirmation message pop-up window",
    "assertions": [
      {
        "passed": true
      },
      {
        "passed": true
      },
      {
        "passed": true
      },
      {
        "passed": true
      },
      {
        "passed": true
      }
    ],
    "duration": 267944753
  },
  {
    "description": "Logout action in the Logout confirmation message pop-up window",
    "assertions": [
      {
        "passed": true
      },
      {
        "passed": true
      },
      {
        "passed": true
      },
      {
        "passed": true
      },
      {
        "passed": true
      },
      {
        "passed": true
      }
    ],
    "duration": 2398775706
  },
  {
    "description": "Precondition",
    "assertions": [
      {
        "passed": true
      },
      {
        "passed": true
      },
      {
        "passed": true
      },
      {
        "passed": true
      },
      {
        "passed": true
      }
    ],
    "duration": 13139265950
  },
  {
    "description": "User sees label 'Available funds' in the Branch Banking Tile View",
    "assertions": [
      {
        "passed": true
      },
      {
        "passed": true
      },
      {
        "passed": true
      }
    ],
    "duration": 163182098
  },
  {
    "description": "I select a Branch Banking Account to view it's details",
    "assertions": [
      {
        "passed": true
      },
      {
        "passed": false,
        "errorMsg": "expected false to be true",
        "stackTrace": "AssertionError: expected false to be true\n    at /Users/dbbe/dbbe-e2e-tests/node_modules/chai-as-promised/lib/chai-as-promised.js:305:22\n    at Promise.invokeCallback_ (/Users/dbbe/dbbe-e2e-tests/node_modules/selenium-webdriver/lib/promise.js:1329:14)\n    at TaskQueue.execute_ (/Users/dbbe/dbbe-e2e-tests/node_modules/selenium-webdriver/lib/promise.js:2790:14)\n    at TaskQueue.executeNext_ (/Users/dbbe/dbbe-e2e-tests/node_modules/selenium-webdriver/lib/promise.js:2773:21)\n    at asyncRun (/Users/dbbe/dbbe-e2e-tests/node_modules/selenium-webdriver/lib/promise.js:2652:27)\n    at /Users/dbbe/dbbe-e2e-tests/node_modules/selenium-webdriver/lib/promise.js:639:7\n    at process._tickCallback (internal/process/next_tick.js:103:7)"
      },
      {
        "passed": true
      }
    ],
    "duration": null
  },
  {
    "description": "Login",
    "assertions": [
      {
        "passed": true
      },
      {
        "passed": true
      },
      {
        "passed": true
      },
      {
        "passed": true
      },
      {
        "passed": true
      }
    ],
    "duration": 14737348954
  },
  {
    "description": "Toggle table and tile views",
    "assertions": [
      {
        "passed": true
      },
      {
        "passed": true
      },
      {
        "passed": true
      },
      {
        "passed": true
      }
    ],
    "duration": 280804631
  },
  {
    "description": "Toggle tile view",
    "assertions": [
      {
        "passed": true
      },
      {
        "passed": true
      },
      {
        "passed": true
      },
      {
        "passed": true
      }
    ],
    "duration": 233809260
  },
  {
    "description": "Precondition",
    "assertions": [
      {
        "passed": true
      },
      {
        "passed": true
      },
      {
        "passed": true
      }
    ],
    "duration": 4109323684
  },
  {
    "description": "Accounts Page - Navigating to Transactions from Current Accounts",
    "assertions": [
      {
        "passed": true
      },
      {
        "passed": true
      },
      {
        "passed": true
      },
      {
        "passed": true
      },
      {
        "passed": true
      },
      {
        "passed": false,
        "errorMsg": "expected '' to equal '10581188'",
        "stackTrace": "AssertionError: expected '' to equal '10581188'"
      },
      {
        "passed": true
      }
    ],
    "duration": null
  },
  {
    "description": "Accounts Page - Navigating to Transactions from Credit Cards",
    "assertions": [
      {
        "passed": true
      },
      {
        "passed": true
      },
      {
        "passed": true
      },
      {
        "passed": true
      },
      {
        "passed": true
      },
      {
        "passed": false,
        "errorMsg": "expected 'Credit Card 0250' to equal 'Credit Card 5700'",
        "stackTrace": "AssertionError: expected 'Credit Card 0250' to equal 'Credit Card 5700'"
      },
      {
        "passed": true
      }
    ],
    "duration": null
  },
  {
    "description": "Accounts Page - Navigating to Transactions from Term Depostis",
    "assertions": [
      {
        "passed": true
      },
      {
        "passed": true
      },
      {
        "passed": true
      },
      {
        "passed": true
      },
      {
        "passed": true
      },
      {
        "passed": false,
        "errorMsg": "expected 'Term Deposit 2083' to equal 'Term Deposit 4463'",
        "stackTrace": "AssertionError: expected 'Term Deposit 2083' to equal 'Term Deposit 4463'"
      },
      {
        "passed": true
      }
    ],
    "duration": null
  },
  {
    "description": "Accounts Page - Navigating to Transactions from Loans",
    "assertions": [
      {
        "passed": true
      },
      {
        "passed": true
      },
      {
        "passed": false,
        "errorMsg": "No element found using locator: By(css selector, [test-hook=\"tile.loans.1\"])",
        "stackTrace": "NoSuchElementError: No element found using locator: By(css selector, [test-hook=\"tile.loans.1\"])\n    at WebDriverError (/Users/dbbe/dbbe-e2e-tests/node_modules/selenium-webdriver/error.js:27:5)\n    at NoSuchElementError (/Users/dbbe/dbbe-e2e-tests/node_modules/selenium-webdriver/error.js:230:5)\n    at /Users/dbbe/dbbe-e2e-tests/node_modules/protractor/built/element.js:662:27\n    at Promise.invokeCallback_ (/Users/dbbe/dbbe-e2e-tests/node_modules/selenium-webdriver/lib/promise.js:1329:14)\n    at TaskQueue.execute_ (/Users/dbbe/dbbe-e2e-tests/node_modules/selenium-webdriver/lib/promise.js:2790:14)\n    at TaskQueue.executeNext_ (/Users/dbbe/dbbe-e2e-tests/node_modules/selenium-webdriver/lib/promise.js:2773:21)\n    at asyncRun (/Users/dbbe/dbbe-e2e-tests/node_modules/selenium-webdriver/lib/promise.js:2652:27)\n    at /Users/dbbe/dbbe-e2e-tests/node_modules/selenium-webdriver/lib/promise.js:639:7\n    at process._tickCallback (internal/process/next_tick.js:103:7)\nError\n    at ElementArrayFinder.applyAction_ (/Users/dbbe/dbbe-e2e-tests/node_modules/protractor/built/element.js:371:27)\n    at ElementArrayFinder._this.(anonymous function) [as click] (/Users/dbbe/dbbe-e2e-tests/node_modules/protractor/built/element.js:83:30)\n    at ElementFinder._this.(anonymous function) [as click] (/Users/dbbe/dbbe-e2e-tests/node_modules/protractor/built/element.js:685:22)\n    at AccountsTileViewContainer.clickIcon (/Users/dbbe/dbbe-e2e-tests/Pages/Accounts/AccountsTileView.js:15:89)\n    at World.<anonymous> (/Users/dbbe/dbbe-e2e-tests/features/step_definitions/accountsTilesView_steps.js:18:46)"
      },
      {
        "passed": true
      }
    ],
    "duration": null
  },
  {
    "description": "Accounts Page - Navigating to Payments page from Current Accounts",
    "assertions": [
      {
        "passed": true
      },
      {
        "passed": true
      },
      {
        "passed": true
      },
      {
        "passed": true
      },
      {
        "passed": true
      }
    ],
    "duration": 9935234261
  },
  {
    "description": "Accounts Page - Navigating to Payments page from Current Accounts",
    "assertions": [
      {
        "passed": true
      },
      {
        "passed": true
      },
      {
        "passed": true
      },
      {
        "passed": true
      },
      {
        "passed": true
      }
    ],
    "duration": 10151542220
  },
  {
    "description": "Accounts Page - Navigating to Payments page from Current Accounts",
    "assertions": [
      {
        "passed": true
      },
      {
        "passed": true
      },
      {
        "passed": false,
        "errorMsg": "No element found using locator: By(css selector, [test-hook=\"tile.loans.1\"])",
        "stackTrace": "NoSuchElementError: No element found using locator: By(css selector, [test-hook=\"tile.loans.1\"])\n    at WebDriverError (/Users/dbbe/dbbe-e2e-tests/node_modules/selenium-webdriver/error.js:27:5)\n    at NoSuchElementError (/Users/dbbe/dbbe-e2e-tests/node_modules/selenium-webdriver/error.js:230:5)\n    at /Users/dbbe/dbbe-e2e-tests/node_modules/protractor/built/element.js:662:27\n    at Promise.invokeCallback_ (/Users/dbbe/dbbe-e2e-tests/node_modules/selenium-webdriver/lib/promise.js:1329:14)\n    at TaskQueue.execute_ (/Users/dbbe/dbbe-e2e-tests/node_modules/selenium-webdriver/lib/promise.js:2790:14)\n    at TaskQueue.executeNext_ (/Users/dbbe/dbbe-e2e-tests/node_modules/selenium-webdriver/lib/promise.js:2773:21)\n    at asyncRun (/Users/dbbe/dbbe-e2e-tests/node_modules/selenium-webdriver/lib/promise.js:2652:27)\n    at /Users/dbbe/dbbe-e2e-tests/node_modules/selenium-webdriver/lib/promise.js:639:7\n    at process._tickCallback (internal/process/next_tick.js:103:7)\nError\n    at ElementArrayFinder.applyAction_ (/Users/dbbe/dbbe-e2e-tests/node_modules/protractor/built/element.js:371:27)\n    at ElementArrayFinder._this.(anonymous function) [as click] (/Users/dbbe/dbbe-e2e-tests/node_modules/protractor/built/element.js:83:30)\n    at ElementFinder._this.(anonymous function) [as click] (/Users/dbbe/dbbe-e2e-tests/node_modules/protractor/built/element.js:685:22)\n    at AccountsTileViewContainer.clickIcon (/Users/dbbe/dbbe-e2e-tests/Pages/Accounts/AccountsTileView.js:15:89)\n    at World.<anonymous> (/Users/dbbe/dbbe-e2e-tests/features/step_definitions/accountsTilesView_steps.js:18:46)"
      },
      {
        "passed": true
      }
    ],
    "duration": null
  },
  {
    "description": "Login",
    "assertions": [
      {
        "passed": true
      },
      {
        "passed": true
      },
      {
        "passed": true
      },
      {
        "passed": true
      },
      {
        "passed": true
      },
      {
        "passed": true
      }
    ],
    "duration": 12184508161
  },
  {
    "description": "Filtering with checkboxes CurrentAccounts:-, TeamDeposits:-, Loans:-, CreditCards:+",
    "assertions": [
      {
        "passed": true
      },
      {
        "passed": true
      },
      {
        "passed": true
      },
      {
        "passed": true
      },
      {
        "passed": true
      },
      {
        "passed": false,
        "errorMsg": "No element found using locator: By(css selector, #kind-filter-loans)",
        "stackTrace": "NoSuchElementError: No element found using locator: By(css selector, #kind-filter-loans)\n    at WebDriverError (/Users/dbbe/dbbe-e2e-tests/node_modules/selenium-webdriver/error.js:27:5)\n    at NoSuchElementError (/Users/dbbe/dbbe-e2e-tests/node_modules/selenium-webdriver/error.js:230:5)\n    at /Users/dbbe/dbbe-e2e-tests/node_modules/protractor/built/element.js:662:27\n    at Promise.invokeCallback_ (/Users/dbbe/dbbe-e2e-tests/node_modules/selenium-webdriver/lib/promise.js:1329:14)\n    at TaskQueue.execute_ (/Users/dbbe/dbbe-e2e-tests/node_modules/selenium-webdriver/lib/promise.js:2790:14)\n    at TaskQueue.executeNext_ (/Users/dbbe/dbbe-e2e-tests/node_modules/selenium-webdriver/lib/promise.js:2773:21)\n    at asyncRun (/Users/dbbe/dbbe-e2e-tests/node_modules/selenium-webdriver/lib/promise.js:2652:27)\n    at /Users/dbbe/dbbe-e2e-tests/node_modules/selenium-webdriver/lib/promise.js:639:7\n    at process._tickCallback (internal/process/next_tick.js:103:7)\nError\n    at ElementArrayFinder.applyAction_ (/Users/dbbe/dbbe-e2e-tests/node_modules/protractor/built/element.js:371:27)\n    at ElementArrayFinder._this.(anonymous function) [as isSelected] (/Users/dbbe/dbbe-e2e-tests/node_modules/protractor/built/element.js:83:30)\n    at ElementFinder._this.(anonymous function) [as isSelected] (/Users/dbbe/dbbe-e2e-tests/node_modules/protractor/built/element.js:685:22)\n    at FiltersContainer.selectCheckbox (/Users/dbbe/dbbe-e2e-tests/Pages/Accounts/FiltersContainer.js:58:26)\n    at FiltersContainer.checkLoansFilter (/Users/dbbe/dbbe-e2e-tests/Pages/Accounts/FiltersContainer.js:47:53)\n    at World.<anonymous> (/Users/dbbe/dbbe-e2e-tests/features/step_definitions/filteringAccounts_steps.js:29:39)"
      },
      {
        "passed": true
      }
    ],
    "duration": null
  },
  {
    "description": "Filtering with checkboxes CurrentAccounts:-, TeamDeposits:-, Loans:+, CreditCards:-",
    "assertions": [
      {
        "passed": true
      },
      {
        "passed": true
      },
      {
        "passed": true
      },
      {
        "passed": true
      },
      {
        "passed": true
      },
      {
        "passed": false,
        "errorMsg": "No element found using locator: By(css selector, #kind-filter-loans)",
        "stackTrace": "NoSuchElementError: No element found using locator: By(css selector, #kind-filter-loans)\n    at WebDriverError (/Users/dbbe/dbbe-e2e-tests/node_modules/selenium-webdriver/error.js:27:5)\n    at NoSuchElementError (/Users/dbbe/dbbe-e2e-tests/node_modules/selenium-webdriver/error.js:230:5)\n    at /Users/dbbe/dbbe-e2e-tests/node_modules/protractor/built/element.js:662:27\n    at Promise.invokeCallback_ (/Users/dbbe/dbbe-e2e-tests/node_modules/selenium-webdriver/lib/promise.js:1329:14)\n    at TaskQueue.execute_ (/Users/dbbe/dbbe-e2e-tests/node_modules/selenium-webdriver/lib/promise.js:2790:14)\n    at TaskQueue.executeNext_ (/Users/dbbe/dbbe-e2e-tests/node_modules/selenium-webdriver/lib/promise.js:2773:21)\n    at asyncRun (/Users/dbbe/dbbe-e2e-tests/node_modules/selenium-webdriver/lib/promise.js:2652:27)\n    at /Users/dbbe/dbbe-e2e-tests/node_modules/selenium-webdriver/lib/promise.js:639:7\n    at process._tickCallback (internal/process/next_tick.js:103:7)\nError\n    at ElementArrayFinder.applyAction_ (/Users/dbbe/dbbe-e2e-tests/node_modules/protractor/built/element.js:371:27)\n    at ElementArrayFinder._this.(anonymous function) [as isSelected] (/Users/dbbe/dbbe-e2e-tests/node_modules/protractor/built/element.js:83:30)\n    at ElementFinder._this.(anonymous function) [as isSelected] (/Users/dbbe/dbbe-e2e-tests/node_modules/protractor/built/element.js:685:22)\n    at FiltersContainer.selectCheckbox (/Users/dbbe/dbbe-e2e-tests/Pages/Accounts/FiltersContainer.js:58:26)\n    at FiltersContainer.checkLoansFilter (/Users/dbbe/dbbe-e2e-tests/Pages/Accounts/FiltersContainer.js:47:53)\n    at World.<anonymous> (/Users/dbbe/dbbe-e2e-tests/features/step_definitions/filteringAccounts_steps.js:29:39)"
      },
      {
        "passed": true
      }
    ],
    "duration": null
  },
  {
    "description": "Filtering with checkboxes CurrentAccounts:-, TeamDeposits:-, Loans:+, CreditCards:+",
    "assertions": [
      {
        "passed": true
      },
      {
        "passed": true
      },
      {
        "passed": true
      },
      {
        "passed": true
      },
      {
        "passed": true
      },
      {
        "passed": false,
        "errorMsg": "No element found using locator: By(css selector, #kind-filter-loans)",
        "stackTrace": "NoSuchElementError: No element found using locator: By(css selector, #kind-filter-loans)\n    at WebDriverError (/Users/dbbe/dbbe-e2e-tests/node_modules/selenium-webdriver/error.js:27:5)\n    at NoSuchElementError (/Users/dbbe/dbbe-e2e-tests/node_modules/selenium-webdriver/error.js:230:5)\n    at /Users/dbbe/dbbe-e2e-tests/node_modules/protractor/built/element.js:662:27\n    at Promise.invokeCallback_ (/Users/dbbe/dbbe-e2e-tests/node_modules/selenium-webdriver/lib/promise.js:1329:14)\n    at TaskQueue.execute_ (/Users/dbbe/dbbe-e2e-tests/node_modules/selenium-webdriver/lib/promise.js:2790:14)\n    at TaskQueue.executeNext_ (/Users/dbbe/dbbe-e2e-tests/node_modules/selenium-webdriver/lib/promise.js:2773:21)\n    at asyncRun (/Users/dbbe/dbbe-e2e-tests/node_modules/selenium-webdriver/lib/promise.js:2652:27)\n    at /Users/dbbe/dbbe-e2e-tests/node_modules/selenium-webdriver/lib/promise.js:639:7\n    at process._tickCallback (internal/process/next_tick.js:103:7)\nError\n    at ElementArrayFinder.applyAction_ (/Users/dbbe/dbbe-e2e-tests/node_modules/protractor/built/element.js:371:27)\n    at ElementArrayFinder._this.(anonymous function) [as isSelected] (/Users/dbbe/dbbe-e2e-tests/node_modules/protractor/built/element.js:83:30)\n    at ElementFinder._this.(anonymous function) [as isSelected] (/Users/dbbe/dbbe-e2e-tests/node_modules/protractor/built/element.js:685:22)\n    at FiltersContainer.selectCheckbox (/Users/dbbe/dbbe-e2e-tests/Pages/Accounts/FiltersContainer.js:58:26)\n    at FiltersContainer.checkLoansFilter (/Users/dbbe/dbbe-e2e-tests/Pages/Accounts/FiltersContainer.js:47:53)\n    at World.<anonymous> (/Users/dbbe/dbbe-e2e-tests/features/step_definitions/filteringAccounts_steps.js:29:39)"
      },
      {
        "passed": true
      }
    ],
    "duration": null
  },
  {
    "description": "Filtering with checkboxes CurrentAccounts:-, TeamDeposits:+, Loans:-, CreditCards:-",
    "assertions": [
      {
        "passed": true
      },
      {
        "passed": true
      },
      {
        "passed": true
      },
      {
        "passed": true
      },
      {
        "passed": true
      },
      {
        "passed": false,
        "errorMsg": "stale element reference: element is not attached to the page document\n  (Session info: chrome=56.0.2924.87)\n  (Driver info: chromedriver=2.29.461585 (0be2cd95f834e9ee7c46bcc7cf405b483f5ae83b),platform=Mac OS X 10.12.0 x86_64) (WARNING: The server did not provide any stacktrace information)\nCommand duration or timeout: 53 milliseconds\nFor documentation on this error, please visit: http://seleniumhq.org/exceptions/stale_element_reference.html\nBuild info: version: '3.3.1', revision: '5234b32', time: '2017-03-10 09:04:52 -0800'\nSystem info: host: 'Digitals-MacBook-Air.local', ip: 'fe80:0:0:0:c71:c06:a0cb:f5f4%en0', os.name: 'Mac OS X', os.arch: 'x86_64', os.version: '10.12', java.version: '1.8.0_112'\nDriver info: org.openqa.selenium.chrome.ChromeDriver\nCapabilities [{applicationCacheEnabled=false, rotatable=false, mobileEmulationEnabled=false, networkConnectionEnabled=false, chrome={chromedriverVersion=2.29.461585 (0be2cd95f834e9ee7c46bcc7cf405b483f5ae83b), userDataDir=/var/folders/yh/9v78ycjj3jd_ngqhts5xtgjw0000gn/T/.org.chromium.Chromium.I6Z1NC}, takesHeapSnapshot=true, pageLoadStrategy=normal, databaseEnabled=false, handlesAlerts=true, hasTouchScreen=false, version=56.0.2924.87, platform=MAC, browserConnectionEnabled=false, nativeEvents=true, acceptSslCerts=true, locationContextEnabled=true, webStorageEnabled=true, browserName=chrome, takesScreenshot=true, javascriptEnabled=true, cssSelectorsEnabled=true, unexpectedAlertBehaviour=}]\nSession ID: a0d250bd8af2396068af9bda98bdfe94",
        "stackTrace": "StaleElementReferenceError: stale element reference: element is not attached to the page document\n  (Session info: chrome=56.0.2924.87)\n  (Driver info: chromedriver=2.29.461585 (0be2cd95f834e9ee7c46bcc7cf405b483f5ae83b),platform=Mac OS X 10.12.0 x86_64) (WARNING: The server did not provide any stacktrace information)\nCommand duration or timeout: 53 milliseconds\nFor documentation on this error, please visit: http://seleniumhq.org/exceptions/stale_element_reference.html\nBuild info: version: '3.3.1', revision: '5234b32', time: '2017-03-10 09:04:52 -0800'\nSystem info: host: 'Digitals-MacBook-Air.local', ip: 'fe80:0:0:0:c71:c06:a0cb:f5f4%en0', os.name: 'Mac OS X', os.arch: 'x86_64', os.version: '10.12', java.version: '1.8.0_112'\nDriver info: org.openqa.selenium.chrome.ChromeDriver\nCapabilities [{applicationCacheEnabled=false, rotatable=false, mobileEmulationEnabled=false, networkConnectionEnabled=false, chrome={chromedriverVersion=2.29.461585 (0be2cd95f834e9ee7c46bcc7cf405b483f5ae83b), userDataDir=/var/folders/yh/9v78ycjj3jd_ngqhts5xtgjw0000gn/T/.org.chromium.Chromium.I6Z1NC}, takesHeapSnapshot=true, pageLoadStrategy=normal, databaseEnabled=false, handlesAlerts=true, hasTouchScreen=false, version=56.0.2924.87, platform=MAC, browserConnectionEnabled=false, nativeEvents=true, acceptSslCerts=true, locationContextEnabled=true, webStorageEnabled=true, browserName=chrome, takesScreenshot=true, javascriptEnabled=true, cssSelectorsEnabled=true, unexpectedAlertBehaviour=}]\nSession ID: a0d250bd8af2396068af9bda98bdfe94\n    at WebDriverError (/Users/dbbe/dbbe-e2e-tests/node_modules/selenium-webdriver/error.js:27:5)\n    at StaleElementReferenceError (/Users/dbbe/dbbe-e2e-tests/node_modules/selenium-webdriver/error.js:314:5)\n    at Object.checkLegacyResponse (/Users/dbbe/dbbe-e2e-tests/node_modules/selenium-webdriver/error.js:580:13)\n    at /Users/dbbe/dbbe-e2e-tests/node_modules/selenium-webdriver/lib/webdriver.js:360:15\n    at Promise.invokeCallback_ (/Users/dbbe/dbbe-e2e-tests/node_modules/selenium-webdriver/lib/promise.js:1329:14)\n    at TaskQueue.execute_ (/Users/dbbe/dbbe-e2e-tests/node_modules/selenium-webdriver/lib/promise.js:2790:14)\n    at TaskQueue.executeNext_ (/Users/dbbe/dbbe-e2e-tests/node_modules/selenium-webdriver/lib/promise.js:2773:21)\n    at asyncRun (/Users/dbbe/dbbe-e2e-tests/node_modules/selenium-webdriver/lib/promise.js:2652:27)\n    at /Users/dbbe/dbbe-e2e-tests/node_modules/selenium-webdriver/lib/promise.js:639:7\n    at process._tickCallback (internal/process/next_tick.js:103:7)\nError\n    at ElementArrayFinder.applyAction_ (/Users/dbbe/dbbe-e2e-tests/node_modules/protractor/built/element.js:371:27)\n    at ElementArrayFinder._this.(anonymous function) [as click] (/Users/dbbe/dbbe-e2e-tests/node_modules/protractor/built/element.js:83:30)\n    at ElementFinder._this.(anonymous function) [as click] (/Users/dbbe/dbbe-e2e-tests/node_modules/protractor/built/element.js:685:22)\n    at $checkbox.isSelected.then.selected (/Users/dbbe/dbbe-e2e-tests/Pages/Accounts/FiltersContainer.js:60:31)\n    at /Users/dbbe/dbbe-e2e-tests/node_modules/protractor/built/element.js:652:28\n    at Promise.invokeCallback_ (/Users/dbbe/dbbe-e2e-tests/node_modules/selenium-webdriver/lib/promise.js:1329:14)\n    at TaskQueue.execute_ (/Users/dbbe/dbbe-e2e-tests/node_modules/selenium-webdriver/lib/promise.js:2790:14)\n    at TaskQueue.executeNext_ (/Users/dbbe/dbbe-e2e-tests/node_modules/selenium-webdriver/lib/promise.js:2773:21)\n    at asyncRun (/Users/dbbe/dbbe-e2e-tests/node_modules/selenium-webdriver/lib/promise.js:2652:27)\n    at /Users/dbbe/dbbe-e2e-tests/node_modules/selenium-webdriver/lib/promise.js:639:7"
      },
      {
        "passed": true
      }
    ],
    "duration": null
  },
  {
    "description": "Filtering with checkboxes CurrentAccounts:-, TeamDeposits:+, Loans:-, CreditCards:+",
    "assertions": [
      {
        "passed": true
      },
      {
        "passed": true
      },
      {
        "passed": true
      },
      {
        "passed": true
      },
      {
        "passed": true
      },
      {
        "passed": false,
        "errorMsg": "No element found using locator: By(css selector, #kind-filter-loans)",
        "stackTrace": "NoSuchElementError: No element found using locator: By(css selector, #kind-filter-loans)\n    at WebDriverError (/Users/dbbe/dbbe-e2e-tests/node_modules/selenium-webdriver/error.js:27:5)\n    at NoSuchElementError (/Users/dbbe/dbbe-e2e-tests/node_modules/selenium-webdriver/error.js:230:5)\n    at /Users/dbbe/dbbe-e2e-tests/node_modules/protractor/built/element.js:662:27\n    at Promise.invokeCallback_ (/Users/dbbe/dbbe-e2e-tests/node_modules/selenium-webdriver/lib/promise.js:1329:14)\n    at TaskQueue.execute_ (/Users/dbbe/dbbe-e2e-tests/node_modules/selenium-webdriver/lib/promise.js:2790:14)\n    at TaskQueue.executeNext_ (/Users/dbbe/dbbe-e2e-tests/node_modules/selenium-webdriver/lib/promise.js:2773:21)\n    at asyncRun (/Users/dbbe/dbbe-e2e-tests/node_modules/selenium-webdriver/lib/promise.js:2652:27)\n    at /Users/dbbe/dbbe-e2e-tests/node_modules/selenium-webdriver/lib/promise.js:639:7\n    at process._tickCallback (internal/process/next_tick.js:103:7)\nError\n    at ElementArrayFinder.applyAction_ (/Users/dbbe/dbbe-e2e-tests/node_modules/protractor/built/element.js:371:27)\n    at ElementArrayFinder._this.(anonymous function) [as isSelected] (/Users/dbbe/dbbe-e2e-tests/node_modules/protractor/built/element.js:83:30)\n    at ElementFinder._this.(anonymous function) [as isSelected] (/Users/dbbe/dbbe-e2e-tests/node_modules/protractor/built/element.js:685:22)\n    at FiltersContainer.selectCheckbox (/Users/dbbe/dbbe-e2e-tests/Pages/Accounts/FiltersContainer.js:58:26)\n    at FiltersContainer.checkLoansFilter (/Users/dbbe/dbbe-e2e-tests/Pages/Accounts/FiltersContainer.js:47:53)\n    at World.<anonymous> (/Users/dbbe/dbbe-e2e-tests/features/step_definitions/filteringAccounts_steps.js:29:39)"
      },
      {
        "passed": true
      }
    ],
    "duration": null
  },
  {
    "description": "Filtering with checkboxes CurrentAccounts:-, TeamDeposits:+, Loans:+, CreditCards:-",
    "assertions": [
      {
        "passed": true
      },
      {
        "passed": true
      },
      {
        "passed": true
      },
      {
        "passed": true
      },
      {
        "passed": true
      },
      {
        "passed": false,
        "errorMsg": "stale element reference: element is not attached to the page document\n  (Session info: chrome=56.0.2924.87)\n  (Driver info: chromedriver=2.29.461585 (0be2cd95f834e9ee7c46bcc7cf405b483f5ae83b),platform=Mac OS X 10.12.0 x86_64) (WARNING: The server did not provide any stacktrace information)\nCommand duration or timeout: 28 milliseconds\nFor documentation on this error, please visit: http://seleniumhq.org/exceptions/stale_element_reference.html\nBuild info: version: '3.3.1', revision: '5234b32', time: '2017-03-10 09:04:52 -0800'\nSystem info: host: 'Digitals-MacBook-Air.local', ip: 'fe80:0:0:0:c71:c06:a0cb:f5f4%en0', os.name: 'Mac OS X', os.arch: 'x86_64', os.version: '10.12', java.version: '1.8.0_112'\nDriver info: org.openqa.selenium.chrome.ChromeDriver\nCapabilities [{applicationCacheEnabled=false, rotatable=false, mobileEmulationEnabled=false, networkConnectionEnabled=false, chrome={chromedriverVersion=2.29.461585 (0be2cd95f834e9ee7c46bcc7cf405b483f5ae83b), userDataDir=/var/folders/yh/9v78ycjj3jd_ngqhts5xtgjw0000gn/T/.org.chromium.Chromium.I6Z1NC}, takesHeapSnapshot=true, pageLoadStrategy=normal, databaseEnabled=false, handlesAlerts=true, hasTouchScreen=false, version=56.0.2924.87, platform=MAC, browserConnectionEnabled=false, nativeEvents=true, acceptSslCerts=true, locationContextEnabled=true, webStorageEnabled=true, browserName=chrome, takesScreenshot=true, javascriptEnabled=true, cssSelectorsEnabled=true, unexpectedAlertBehaviour=}]\nSession ID: a0d250bd8af2396068af9bda98bdfe94",
        "stackTrace": "StaleElementReferenceError: stale element reference: element is not attached to the page document\n  (Session info: chrome=56.0.2924.87)\n  (Driver info: chromedriver=2.29.461585 (0be2cd95f834e9ee7c46bcc7cf405b483f5ae83b),platform=Mac OS X 10.12.0 x86_64) (WARNING: The server did not provide any stacktrace information)\nCommand duration or timeout: 28 milliseconds\nFor documentation on this error, please visit: http://seleniumhq.org/exceptions/stale_element_reference.html\nBuild info: version: '3.3.1', revision: '5234b32', time: '2017-03-10 09:04:52 -0800'\nSystem info: host: 'Digitals-MacBook-Air.local', ip: 'fe80:0:0:0:c71:c06:a0cb:f5f4%en0', os.name: 'Mac OS X', os.arch: 'x86_64', os.version: '10.12', java.version: '1.8.0_112'\nDriver info: org.openqa.selenium.chrome.ChromeDriver\nCapabilities [{applicationCacheEnabled=false, rotatable=false, mobileEmulationEnabled=false, networkConnectionEnabled=false, chrome={chromedriverVersion=2.29.461585 (0be2cd95f834e9ee7c46bcc7cf405b483f5ae83b), userDataDir=/var/folders/yh/9v78ycjj3jd_ngqhts5xtgjw0000gn/T/.org.chromium.Chromium.I6Z1NC}, takesHeapSnapshot=true, pageLoadStrategy=normal, databaseEnabled=false, handlesAlerts=true, hasTouchScreen=false, version=56.0.2924.87, platform=MAC, browserConnectionEnabled=false, nativeEvents=true, acceptSslCerts=true, locationContextEnabled=true, webStorageEnabled=true, browserName=chrome, takesScreenshot=true, javascriptEnabled=true, cssSelectorsEnabled=true, unexpectedAlertBehaviour=}]\nSession ID: a0d250bd8af2396068af9bda98bdfe94\n    at WebDriverError (/Users/dbbe/dbbe-e2e-tests/node_modules/selenium-webdriver/error.js:27:5)\n    at StaleElementReferenceError (/Users/dbbe/dbbe-e2e-tests/node_modules/selenium-webdriver/error.js:314:5)\n    at Object.checkLegacyResponse (/Users/dbbe/dbbe-e2e-tests/node_modules/selenium-webdriver/error.js:580:13)\n    at /Users/dbbe/dbbe-e2e-tests/node_modules/selenium-webdriver/lib/webdriver.js:360:15\n    at Promise.invokeCallback_ (/Users/dbbe/dbbe-e2e-tests/node_modules/selenium-webdriver/lib/promise.js:1329:14)\n    at TaskQueue.execute_ (/Users/dbbe/dbbe-e2e-tests/node_modules/selenium-webdriver/lib/promise.js:2790:14)\n    at TaskQueue.executeNext_ (/Users/dbbe/dbbe-e2e-tests/node_modules/selenium-webdriver/lib/promise.js:2773:21)\n    at asyncRun (/Users/dbbe/dbbe-e2e-tests/node_modules/selenium-webdriver/lib/promise.js:2652:27)\n    at /Users/dbbe/dbbe-e2e-tests/node_modules/selenium-webdriver/lib/promise.js:639:7\n    at process._tickCallback (internal/process/next_tick.js:103:7)\nError\n    at ElementArrayFinder.applyAction_ (/Users/dbbe/dbbe-e2e-tests/node_modules/protractor/built/element.js:371:27)\n    at ElementArrayFinder._this.(anonymous function) [as click] (/Users/dbbe/dbbe-e2e-tests/node_modules/protractor/built/element.js:83:30)\n    at ElementFinder._this.(anonymous function) [as click] (/Users/dbbe/dbbe-e2e-tests/node_modules/protractor/built/element.js:685:22)\n    at $checkbox.isSelected.then.selected (/Users/dbbe/dbbe-e2e-tests/Pages/Accounts/FiltersContainer.js:60:31)\n    at /Users/dbbe/dbbe-e2e-tests/node_modules/protractor/built/element.js:652:28\n    at Promise.invokeCallback_ (/Users/dbbe/dbbe-e2e-tests/node_modules/selenium-webdriver/lib/promise.js:1329:14)\n    at TaskQueue.execute_ (/Users/dbbe/dbbe-e2e-tests/node_modules/selenium-webdriver/lib/promise.js:2790:14)\n    at TaskQueue.executeNext_ (/Users/dbbe/dbbe-e2e-tests/node_modules/selenium-webdriver/lib/promise.js:2773:21)\n    at asyncRun (/Users/dbbe/dbbe-e2e-tests/node_modules/selenium-webdriver/lib/promise.js:2652:27)\n    at /Users/dbbe/dbbe-e2e-tests/node_modules/selenium-webdriver/lib/promise.js:639:7"
      },
      {
        "passed": true
      }
    ],
    "duration": null
  },
  {
    "description": "Filtering with checkboxes CurrentAccounts:-, TeamDeposits:+, Loans:+, CreditCards:+",
    "assertions": [
      {
        "passed": true
      },
      {
        "passed": true
      },
      {
        "passed": true
      },
      {
        "passed": true
      },
      {
        "passed": true
      },
      {
        "passed": false,
        "errorMsg": "No element found using locator: By(css selector, #kind-filter-loans)",
        "stackTrace": "NoSuchElementError: No element found using locator: By(css selector, #kind-filter-loans)\n    at WebDriverError (/Users/dbbe/dbbe-e2e-tests/node_modules/selenium-webdriver/error.js:27:5)\n    at NoSuchElementError (/Users/dbbe/dbbe-e2e-tests/node_modules/selenium-webdriver/error.js:230:5)\n    at /Users/dbbe/dbbe-e2e-tests/node_modules/protractor/built/element.js:662:27\n    at Promise.invokeCallback_ (/Users/dbbe/dbbe-e2e-tests/node_modules/selenium-webdriver/lib/promise.js:1329:14)\n    at TaskQueue.execute_ (/Users/dbbe/dbbe-e2e-tests/node_modules/selenium-webdriver/lib/promise.js:2790:14)\n    at TaskQueue.executeNext_ (/Users/dbbe/dbbe-e2e-tests/node_modules/selenium-webdriver/lib/promise.js:2773:21)\n    at asyncRun (/Users/dbbe/dbbe-e2e-tests/node_modules/selenium-webdriver/lib/promise.js:2652:27)\n    at /Users/dbbe/dbbe-e2e-tests/node_modules/selenium-webdriver/lib/promise.js:639:7\n    at process._tickCallback (internal/process/next_tick.js:103:7)\nError\n    at ElementArrayFinder.applyAction_ (/Users/dbbe/dbbe-e2e-tests/node_modules/protractor/built/element.js:371:27)\n    at ElementArrayFinder._this.(anonymous function) [as isSelected] (/Users/dbbe/dbbe-e2e-tests/node_modules/protractor/built/element.js:83:30)\n    at ElementFinder._this.(anonymous function) [as isSelected] (/Users/dbbe/dbbe-e2e-tests/node_modules/protractor/built/element.js:685:22)\n    at FiltersContainer.selectCheckbox (/Users/dbbe/dbbe-e2e-tests/Pages/Accounts/FiltersContainer.js:58:26)\n    at FiltersContainer.checkLoansFilter (/Users/dbbe/dbbe-e2e-tests/Pages/Accounts/FiltersContainer.js:47:53)\n    at World.<anonymous> (/Users/dbbe/dbbe-e2e-tests/features/step_definitions/filteringAccounts_steps.js:29:39)"
      },
      {
        "passed": true
      }
    ],
    "duration": null
  },
  {
    "description": "Filtering with checkboxes CurrentAccounts:+, TeamDeposits:-, Loans:-, CreditCards:-",
    "assertions": [
      {
        "passed": true
      },
      {
        "passed": true
      },
      {
        "passed": true
      },
      {
        "passed": true
      },
      {
        "passed": true
      },
      {
        "passed": false,
        "errorMsg": "stale element reference: element is not attached to the page document\n  (Session info: chrome=56.0.2924.87)\n  (Driver info: chromedriver=2.29.461585 (0be2cd95f834e9ee7c46bcc7cf405b483f5ae83b),platform=Mac OS X 10.12.0 x86_64) (WARNING: The server did not provide any stacktrace information)\nCommand duration or timeout: 11 milliseconds\nFor documentation on this error, please visit: http://seleniumhq.org/exceptions/stale_element_reference.html\nBuild info: version: '3.3.1', revision: '5234b32', time: '2017-03-10 09:04:52 -0800'\nSystem info: host: 'Digitals-MacBook-Air.local', ip: 'fe80:0:0:0:c71:c06:a0cb:f5f4%en0', os.name: 'Mac OS X', os.arch: 'x86_64', os.version: '10.12', java.version: '1.8.0_112'\nDriver info: org.openqa.selenium.chrome.ChromeDriver\nCapabilities [{applicationCacheEnabled=false, rotatable=false, mobileEmulationEnabled=false, networkConnectionEnabled=false, chrome={chromedriverVersion=2.29.461585 (0be2cd95f834e9ee7c46bcc7cf405b483f5ae83b), userDataDir=/var/folders/yh/9v78ycjj3jd_ngqhts5xtgjw0000gn/T/.org.chromium.Chromium.I6Z1NC}, takesHeapSnapshot=true, pageLoadStrategy=normal, databaseEnabled=false, handlesAlerts=true, hasTouchScreen=false, version=56.0.2924.87, platform=MAC, browserConnectionEnabled=false, nativeEvents=true, acceptSslCerts=true, locationContextEnabled=true, webStorageEnabled=true, browserName=chrome, takesScreenshot=true, javascriptEnabled=true, cssSelectorsEnabled=true, unexpectedAlertBehaviour=}]\nSession ID: a0d250bd8af2396068af9bda98bdfe94",
        "stackTrace": "StaleElementReferenceError: stale element reference: element is not attached to the page document\n  (Session info: chrome=56.0.2924.87)\n  (Driver info: chromedriver=2.29.461585 (0be2cd95f834e9ee7c46bcc7cf405b483f5ae83b),platform=Mac OS X 10.12.0 x86_64) (WARNING: The server did not provide any stacktrace information)\nCommand duration or timeout: 11 milliseconds\nFor documentation on this error, please visit: http://seleniumhq.org/exceptions/stale_element_reference.html\nBuild info: version: '3.3.1', revision: '5234b32', time: '2017-03-10 09:04:52 -0800'\nSystem info: host: 'Digitals-MacBook-Air.local', ip: 'fe80:0:0:0:c71:c06:a0cb:f5f4%en0', os.name: 'Mac OS X', os.arch: 'x86_64', os.version: '10.12', java.version: '1.8.0_112'\nDriver info: org.openqa.selenium.chrome.ChromeDriver\nCapabilities [{applicationCacheEnabled=false, rotatable=false, mobileEmulationEnabled=false, networkConnectionEnabled=false, chrome={chromedriverVersion=2.29.461585 (0be2cd95f834e9ee7c46bcc7cf405b483f5ae83b), userDataDir=/var/folders/yh/9v78ycjj3jd_ngqhts5xtgjw0000gn/T/.org.chromium.Chromium.I6Z1NC}, takesHeapSnapshot=true, pageLoadStrategy=normal, databaseEnabled=false, handlesAlerts=true, hasTouchScreen=false, version=56.0.2924.87, platform=MAC, browserConnectionEnabled=false, nativeEvents=true, acceptSslCerts=true, locationContextEnabled=true, webStorageEnabled=true, browserName=chrome, takesScreenshot=true, javascriptEnabled=true, cssSelectorsEnabled=true, unexpectedAlertBehaviour=}]\nSession ID: a0d250bd8af2396068af9bda98bdfe94\n    at WebDriverError (/Users/dbbe/dbbe-e2e-tests/node_modules/selenium-webdriver/error.js:27:5)\n    at StaleElementReferenceError (/Users/dbbe/dbbe-e2e-tests/node_modules/selenium-webdriver/error.js:314:5)\n    at Object.checkLegacyResponse (/Users/dbbe/dbbe-e2e-tests/node_modules/selenium-webdriver/error.js:580:13)\n    at /Users/dbbe/dbbe-e2e-tests/node_modules/selenium-webdriver/lib/webdriver.js:360:15\n    at Promise.invokeCallback_ (/Users/dbbe/dbbe-e2e-tests/node_modules/selenium-webdriver/lib/promise.js:1329:14)\n    at TaskQueue.execute_ (/Users/dbbe/dbbe-e2e-tests/node_modules/selenium-webdriver/lib/promise.js:2790:14)\n    at TaskQueue.executeNext_ (/Users/dbbe/dbbe-e2e-tests/node_modules/selenium-webdriver/lib/promise.js:2773:21)\n    at asyncRun (/Users/dbbe/dbbe-e2e-tests/node_modules/selenium-webdriver/lib/promise.js:2652:27)\n    at /Users/dbbe/dbbe-e2e-tests/node_modules/selenium-webdriver/lib/promise.js:639:7\n    at process._tickCallback (internal/process/next_tick.js:103:7)\nError\n    at ElementArrayFinder.applyAction_ (/Users/dbbe/dbbe-e2e-tests/node_modules/protractor/built/element.js:371:27)\n    at ElementArrayFinder._this.(anonymous function) [as isSelected] (/Users/dbbe/dbbe-e2e-tests/node_modules/protractor/built/element.js:83:30)\n    at ElementFinder._this.(anonymous function) [as isSelected] (/Users/dbbe/dbbe-e2e-tests/node_modules/protractor/built/element.js:685:22)\n    at FiltersContainer.selectCheckbox (/Users/dbbe/dbbe-e2e-tests/Pages/Accounts/FiltersContainer.js:58:26)\n    at FiltersContainer.checkTeamDepositsFilter (/Users/dbbe/dbbe-e2e-tests/Pages/Accounts/FiltersContainer.js:44:60)\n    at World.<anonymous> (/Users/dbbe/dbbe-e2e-tests/features/step_definitions/filteringAccounts_steps.js:23:39)"
      },
      {
        "passed": true
      }
    ],
    "duration": null
  },
  {
    "description": "Filtering with checkboxes CurrentAccounts:+, TeamDeposits:-, Loans:-, CreditCards:+",
    "assertions": [
      {
        "passed": true
      },
      {
        "passed": true
      },
      {
        "passed": true
      },
      {
        "passed": true
      },
      {
        "passed": true
      },
      {
        "passed": false,
        "errorMsg": "No element found using locator: By(css selector, #kind-filter-loans)",
        "stackTrace": "NoSuchElementError: No element found using locator: By(css selector, #kind-filter-loans)\n    at WebDriverError (/Users/dbbe/dbbe-e2e-tests/node_modules/selenium-webdriver/error.js:27:5)\n    at NoSuchElementError (/Users/dbbe/dbbe-e2e-tests/node_modules/selenium-webdriver/error.js:230:5)\n    at /Users/dbbe/dbbe-e2e-tests/node_modules/protractor/built/element.js:662:27\n    at Promise.invokeCallback_ (/Users/dbbe/dbbe-e2e-tests/node_modules/selenium-webdriver/lib/promise.js:1329:14)\n    at TaskQueue.execute_ (/Users/dbbe/dbbe-e2e-tests/node_modules/selenium-webdriver/lib/promise.js:2790:14)\n    at TaskQueue.executeNext_ (/Users/dbbe/dbbe-e2e-tests/node_modules/selenium-webdriver/lib/promise.js:2773:21)\n    at asyncRun (/Users/dbbe/dbbe-e2e-tests/node_modules/selenium-webdriver/lib/promise.js:2652:27)\n    at /Users/dbbe/dbbe-e2e-tests/node_modules/selenium-webdriver/lib/promise.js:639:7\n    at process._tickCallback (internal/process/next_tick.js:103:7)\nError\n    at ElementArrayFinder.applyAction_ (/Users/dbbe/dbbe-e2e-tests/node_modules/protractor/built/element.js:371:27)\n    at ElementArrayFinder._this.(anonymous function) [as isSelected] (/Users/dbbe/dbbe-e2e-tests/node_modules/protractor/built/element.js:83:30)\n    at ElementFinder._this.(anonymous function) [as isSelected] (/Users/dbbe/dbbe-e2e-tests/node_modules/protractor/built/element.js:685:22)\n    at FiltersContainer.selectCheckbox (/Users/dbbe/dbbe-e2e-tests/Pages/Accounts/FiltersContainer.js:58:26)\n    at FiltersContainer.checkLoansFilter (/Users/dbbe/dbbe-e2e-tests/Pages/Accounts/FiltersContainer.js:47:53)\n    at World.<anonymous> (/Users/dbbe/dbbe-e2e-tests/features/step_definitions/filteringAccounts_steps.js:29:39)"
      },
      {
        "passed": true
      }
    ],
    "duration": null
  },
  {
    "description": "Filtering with checkboxes CurrentAccounts:+, TeamDeposits:-, Loans:+, CreditCards:-",
    "assertions": [
      {
        "passed": true
      },
      {
        "passed": true
      },
      {
        "passed": true
      },
      {
        "passed": true
      },
      {
        "passed": true
      },
      {
        "passed": false,
        "errorMsg": "stale element reference: element is not attached to the page document\n  (Session info: chrome=56.0.2924.87)\n  (Driver info: chromedriver=2.29.461585 (0be2cd95f834e9ee7c46bcc7cf405b483f5ae83b),platform=Mac OS X 10.12.0 x86_64) (WARNING: The server did not provide any stacktrace information)\nCommand duration or timeout: 12 milliseconds\nFor documentation on this error, please visit: http://seleniumhq.org/exceptions/stale_element_reference.html\nBuild info: version: '3.3.1', revision: '5234b32', time: '2017-03-10 09:04:52 -0800'\nSystem info: host: 'Digitals-MacBook-Air.local', ip: 'fe80:0:0:0:c71:c06:a0cb:f5f4%en0', os.name: 'Mac OS X', os.arch: 'x86_64', os.version: '10.12', java.version: '1.8.0_112'\nDriver info: org.openqa.selenium.chrome.ChromeDriver\nCapabilities [{applicationCacheEnabled=false, rotatable=false, mobileEmulationEnabled=false, networkConnectionEnabled=false, chrome={chromedriverVersion=2.29.461585 (0be2cd95f834e9ee7c46bcc7cf405b483f5ae83b), userDataDir=/var/folders/yh/9v78ycjj3jd_ngqhts5xtgjw0000gn/T/.org.chromium.Chromium.I6Z1NC}, takesHeapSnapshot=true, pageLoadStrategy=normal, databaseEnabled=false, handlesAlerts=true, hasTouchScreen=false, version=56.0.2924.87, platform=MAC, browserConnectionEnabled=false, nativeEvents=true, acceptSslCerts=true, locationContextEnabled=true, webStorageEnabled=true, browserName=chrome, takesScreenshot=true, javascriptEnabled=true, cssSelectorsEnabled=true, unexpectedAlertBehaviour=}]\nSession ID: a0d250bd8af2396068af9bda98bdfe94",
        "stackTrace": "StaleElementReferenceError: stale element reference: element is not attached to the page document\n  (Session info: chrome=56.0.2924.87)\n  (Driver info: chromedriver=2.29.461585 (0be2cd95f834e9ee7c46bcc7cf405b483f5ae83b),platform=Mac OS X 10.12.0 x86_64) (WARNING: The server did not provide any stacktrace information)\nCommand duration or timeout: 12 milliseconds\nFor documentation on this error, please visit: http://seleniumhq.org/exceptions/stale_element_reference.html\nBuild info: version: '3.3.1', revision: '5234b32', time: '2017-03-10 09:04:52 -0800'\nSystem info: host: 'Digitals-MacBook-Air.local', ip: 'fe80:0:0:0:c71:c06:a0cb:f5f4%en0', os.name: 'Mac OS X', os.arch: 'x86_64', os.version: '10.12', java.version: '1.8.0_112'\nDriver info: org.openqa.selenium.chrome.ChromeDriver\nCapabilities [{applicationCacheEnabled=false, rotatable=false, mobileEmulationEnabled=false, networkConnectionEnabled=false, chrome={chromedriverVersion=2.29.461585 (0be2cd95f834e9ee7c46bcc7cf405b483f5ae83b), userDataDir=/var/folders/yh/9v78ycjj3jd_ngqhts5xtgjw0000gn/T/.org.chromium.Chromium.I6Z1NC}, takesHeapSnapshot=true, pageLoadStrategy=normal, databaseEnabled=false, handlesAlerts=true, hasTouchScreen=false, version=56.0.2924.87, platform=MAC, browserConnectionEnabled=false, nativeEvents=true, acceptSslCerts=true, locationContextEnabled=true, webStorageEnabled=true, browserName=chrome, takesScreenshot=true, javascriptEnabled=true, cssSelectorsEnabled=true, unexpectedAlertBehaviour=}]\nSession ID: a0d250bd8af2396068af9bda98bdfe94\n    at WebDriverError (/Users/dbbe/dbbe-e2e-tests/node_modules/selenium-webdriver/error.js:27:5)\n    at StaleElementReferenceError (/Users/dbbe/dbbe-e2e-tests/node_modules/selenium-webdriver/error.js:314:5)\n    at Object.checkLegacyResponse (/Users/dbbe/dbbe-e2e-tests/node_modules/selenium-webdriver/error.js:580:13)\n    at /Users/dbbe/dbbe-e2e-tests/node_modules/selenium-webdriver/lib/webdriver.js:360:15\n    at Promise.invokeCallback_ (/Users/dbbe/dbbe-e2e-tests/node_modules/selenium-webdriver/lib/promise.js:1329:14)\n    at TaskQueue.execute_ (/Users/dbbe/dbbe-e2e-tests/node_modules/selenium-webdriver/lib/promise.js:2790:14)\n    at TaskQueue.executeNext_ (/Users/dbbe/dbbe-e2e-tests/node_modules/selenium-webdriver/lib/promise.js:2773:21)\n    at asyncRun (/Users/dbbe/dbbe-e2e-tests/node_modules/selenium-webdriver/lib/promise.js:2652:27)\n    at /Users/dbbe/dbbe-e2e-tests/node_modules/selenium-webdriver/lib/promise.js:639:7\n    at process._tickCallback (internal/process/next_tick.js:103:7)\nError\n    at ElementArrayFinder.applyAction_ (/Users/dbbe/dbbe-e2e-tests/node_modules/protractor/built/element.js:371:27)\n    at ElementArrayFinder._this.(anonymous function) [as isSelected] (/Users/dbbe/dbbe-e2e-tests/node_modules/protractor/built/element.js:83:30)\n    at ElementFinder._this.(anonymous function) [as isSelected] (/Users/dbbe/dbbe-e2e-tests/node_modules/protractor/built/element.js:685:22)\n    at FiltersContainer.selectCheckbox (/Users/dbbe/dbbe-e2e-tests/Pages/Accounts/FiltersContainer.js:58:26)\n    at FiltersContainer.checkTeamDepositsFilter (/Users/dbbe/dbbe-e2e-tests/Pages/Accounts/FiltersContainer.js:44:60)\n    at World.<anonymous> (/Users/dbbe/dbbe-e2e-tests/features/step_definitions/filteringAccounts_steps.js:23:39)"
      },
      {
        "passed": true
      }
    ],
    "duration": null
  },
  {
    "description": "Filtering with checkboxes CurrentAccounts:+, TeamDeposits:-, Loans:+, CreditCards:+",
    "assertions": [
      {
        "passed": true
      },
      {
        "passed": true
      },
      {
        "passed": true
      },
      {
        "passed": true
      },
      {
        "passed": true
      },
      {
        "passed": false,
        "errorMsg": "No element found using locator: By(css selector, #kind-filter-loans)",
        "stackTrace": "NoSuchElementError: No element found using locator: By(css selector, #kind-filter-loans)\n    at WebDriverError (/Users/dbbe/dbbe-e2e-tests/node_modules/selenium-webdriver/error.js:27:5)\n    at NoSuchElementError (/Users/dbbe/dbbe-e2e-tests/node_modules/selenium-webdriver/error.js:230:5)\n    at /Users/dbbe/dbbe-e2e-tests/node_modules/protractor/built/element.js:662:27\n    at Promise.invokeCallback_ (/Users/dbbe/dbbe-e2e-tests/node_modules/selenium-webdriver/lib/promise.js:1329:14)\n    at TaskQueue.execute_ (/Users/dbbe/dbbe-e2e-tests/node_modules/selenium-webdriver/lib/promise.js:2790:14)\n    at TaskQueue.executeNext_ (/Users/dbbe/dbbe-e2e-tests/node_modules/selenium-webdriver/lib/promise.js:2773:21)\n    at asyncRun (/Users/dbbe/dbbe-e2e-tests/node_modules/selenium-webdriver/lib/promise.js:2652:27)\n    at /Users/dbbe/dbbe-e2e-tests/node_modules/selenium-webdriver/lib/promise.js:639:7\n    at process._tickCallback (internal/process/next_tick.js:103:7)\nError\n    at ElementArrayFinder.applyAction_ (/Users/dbbe/dbbe-e2e-tests/node_modules/protractor/built/element.js:371:27)\n    at ElementArrayFinder._this.(anonymous function) [as isSelected] (/Users/dbbe/dbbe-e2e-tests/node_modules/protractor/built/element.js:83:30)\n    at ElementFinder._this.(anonymous function) [as isSelected] (/Users/dbbe/dbbe-e2e-tests/node_modules/protractor/built/element.js:685:22)\n    at FiltersContainer.selectCheckbox (/Users/dbbe/dbbe-e2e-tests/Pages/Accounts/FiltersContainer.js:58:26)\n    at FiltersContainer.checkLoansFilter (/Users/dbbe/dbbe-e2e-tests/Pages/Accounts/FiltersContainer.js:47:53)\n    at World.<anonymous> (/Users/dbbe/dbbe-e2e-tests/features/step_definitions/filteringAccounts_steps.js:29:39)"
      },
      {
        "passed": true
      }
    ],
    "duration": null
  },
  {
    "description": "Filtering with checkboxes CurrentAccounts:+, TeamDeposits:+, Loans:-, CreditCards:-",
    "assertions": [
      {
        "passed": true
      },
      {
        "passed": true
      },
      {
        "passed": true
      },
      {
        "passed": true
      },
      {
        "passed": true
      },
      {
        "passed": false,
        "errorMsg": "stale element reference: element is not attached to the page document\n  (Session info: chrome=56.0.2924.87)\n  (Driver info: chromedriver=2.29.461585 (0be2cd95f834e9ee7c46bcc7cf405b483f5ae83b),platform=Mac OS X 10.12.0 x86_64) (WARNING: The server did not provide any stacktrace information)\nCommand duration or timeout: 9 milliseconds\nFor documentation on this error, please visit: http://seleniumhq.org/exceptions/stale_element_reference.html\nBuild info: version: '3.3.1', revision: '5234b32', time: '2017-03-10 09:04:52 -0800'\nSystem info: host: 'Digitals-MacBook-Air.local', ip: 'fe80:0:0:0:c71:c06:a0cb:f5f4%en0', os.name: 'Mac OS X', os.arch: 'x86_64', os.version: '10.12', java.version: '1.8.0_112'\nDriver info: org.openqa.selenium.chrome.ChromeDriver\nCapabilities [{applicationCacheEnabled=false, rotatable=false, mobileEmulationEnabled=false, networkConnectionEnabled=false, chrome={chromedriverVersion=2.29.461585 (0be2cd95f834e9ee7c46bcc7cf405b483f5ae83b), userDataDir=/var/folders/yh/9v78ycjj3jd_ngqhts5xtgjw0000gn/T/.org.chromium.Chromium.I6Z1NC}, takesHeapSnapshot=true, pageLoadStrategy=normal, databaseEnabled=false, handlesAlerts=true, hasTouchScreen=false, version=56.0.2924.87, platform=MAC, browserConnectionEnabled=false, nativeEvents=true, acceptSslCerts=true, locationContextEnabled=true, webStorageEnabled=true, browserName=chrome, takesScreenshot=true, javascriptEnabled=true, cssSelectorsEnabled=true, unexpectedAlertBehaviour=}]\nSession ID: a0d250bd8af2396068af9bda98bdfe94",
        "stackTrace": "StaleElementReferenceError: stale element reference: element is not attached to the page document\n  (Session info: chrome=56.0.2924.87)\n  (Driver info: chromedriver=2.29.461585 (0be2cd95f834e9ee7c46bcc7cf405b483f5ae83b),platform=Mac OS X 10.12.0 x86_64) (WARNING: The server did not provide any stacktrace information)\nCommand duration or timeout: 9 milliseconds\nFor documentation on this error, please visit: http://seleniumhq.org/exceptions/stale_element_reference.html\nBuild info: version: '3.3.1', revision: '5234b32', time: '2017-03-10 09:04:52 -0800'\nSystem info: host: 'Digitals-MacBook-Air.local', ip: 'fe80:0:0:0:c71:c06:a0cb:f5f4%en0', os.name: 'Mac OS X', os.arch: 'x86_64', os.version: '10.12', java.version: '1.8.0_112'\nDriver info: org.openqa.selenium.chrome.ChromeDriver\nCapabilities [{applicationCacheEnabled=false, rotatable=false, mobileEmulationEnabled=false, networkConnectionEnabled=false, chrome={chromedriverVersion=2.29.461585 (0be2cd95f834e9ee7c46bcc7cf405b483f5ae83b), userDataDir=/var/folders/yh/9v78ycjj3jd_ngqhts5xtgjw0000gn/T/.org.chromium.Chromium.I6Z1NC}, takesHeapSnapshot=true, pageLoadStrategy=normal, databaseEnabled=false, handlesAlerts=true, hasTouchScreen=false, version=56.0.2924.87, platform=MAC, browserConnectionEnabled=false, nativeEvents=true, acceptSslCerts=true, locationContextEnabled=true, webStorageEnabled=true, browserName=chrome, takesScreenshot=true, javascriptEnabled=true, cssSelectorsEnabled=true, unexpectedAlertBehaviour=}]\nSession ID: a0d250bd8af2396068af9bda98bdfe94\n    at WebDriverError (/Users/dbbe/dbbe-e2e-tests/node_modules/selenium-webdriver/error.js:27:5)\n    at StaleElementReferenceError (/Users/dbbe/dbbe-e2e-tests/node_modules/selenium-webdriver/error.js:314:5)\n    at Object.checkLegacyResponse (/Users/dbbe/dbbe-e2e-tests/node_modules/selenium-webdriver/error.js:580:13)\n    at /Users/dbbe/dbbe-e2e-tests/node_modules/selenium-webdriver/lib/webdriver.js:360:15\n    at Promise.invokeCallback_ (/Users/dbbe/dbbe-e2e-tests/node_modules/selenium-webdriver/lib/promise.js:1329:14)\n    at TaskQueue.execute_ (/Users/dbbe/dbbe-e2e-tests/node_modules/selenium-webdriver/lib/promise.js:2790:14)\n    at TaskQueue.executeNext_ (/Users/dbbe/dbbe-e2e-tests/node_modules/selenium-webdriver/lib/promise.js:2773:21)\n    at asyncRun (/Users/dbbe/dbbe-e2e-tests/node_modules/selenium-webdriver/lib/promise.js:2652:27)\n    at /Users/dbbe/dbbe-e2e-tests/node_modules/selenium-webdriver/lib/promise.js:639:7\n    at process._tickCallback (internal/process/next_tick.js:103:7)\nError\n    at ElementArrayFinder.applyAction_ (/Users/dbbe/dbbe-e2e-tests/node_modules/protractor/built/element.js:371:27)\n    at ElementArrayFinder._this.(anonymous function) [as isSelected] (/Users/dbbe/dbbe-e2e-tests/node_modules/protractor/built/element.js:83:30)\n    at ElementFinder._this.(anonymous function) [as isSelected] (/Users/dbbe/dbbe-e2e-tests/node_modules/protractor/built/element.js:685:22)\n    at FiltersContainer.selectCheckbox (/Users/dbbe/dbbe-e2e-tests/Pages/Accounts/FiltersContainer.js:58:26)\n    at FiltersContainer.checkTeamDepositsFilter (/Users/dbbe/dbbe-e2e-tests/Pages/Accounts/FiltersContainer.js:44:60)\n    at World.<anonymous> (/Users/dbbe/dbbe-e2e-tests/features/step_definitions/filteringAccounts_steps.js:23:39)"
      },
      {
        "passed": true
      }
    ],
    "duration": null
  },
  {
    "description": "Filtering with checkboxes CurrentAccounts:+, TeamDeposits:+, Loans:-, CreditCards:+",
    "assertions": [
      {
        "passed": true
      },
      {
        "passed": true
      },
      {
        "passed": true
      },
      {
        "passed": true
      },
      {
        "passed": true
      },
      {
        "passed": false,
        "errorMsg": "No element found using locator: By(css selector, #kind-filter-loans)",
        "stackTrace": "NoSuchElementError: No element found using locator: By(css selector, #kind-filter-loans)\n    at WebDriverError (/Users/dbbe/dbbe-e2e-tests/node_modules/selenium-webdriver/error.js:27:5)\n    at NoSuchElementError (/Users/dbbe/dbbe-e2e-tests/node_modules/selenium-webdriver/error.js:230:5)\n    at /Users/dbbe/dbbe-e2e-tests/node_modules/protractor/built/element.js:662:27\n    at Promise.invokeCallback_ (/Users/dbbe/dbbe-e2e-tests/node_modules/selenium-webdriver/lib/promise.js:1329:14)\n    at TaskQueue.execute_ (/Users/dbbe/dbbe-e2e-tests/node_modules/selenium-webdriver/lib/promise.js:2790:14)\n    at TaskQueue.executeNext_ (/Users/dbbe/dbbe-e2e-tests/node_modules/selenium-webdriver/lib/promise.js:2773:21)\n    at asyncRun (/Users/dbbe/dbbe-e2e-tests/node_modules/selenium-webdriver/lib/promise.js:2652:27)\n    at /Users/dbbe/dbbe-e2e-tests/node_modules/selenium-webdriver/lib/promise.js:639:7\n    at process._tickCallback (internal/process/next_tick.js:103:7)\nError\n    at ElementArrayFinder.applyAction_ (/Users/dbbe/dbbe-e2e-tests/node_modules/protractor/built/element.js:371:27)\n    at ElementArrayFinder._this.(anonymous function) [as isSelected] (/Users/dbbe/dbbe-e2e-tests/node_modules/protractor/built/element.js:83:30)\n    at ElementFinder._this.(anonymous function) [as isSelected] (/Users/dbbe/dbbe-e2e-tests/node_modules/protractor/built/element.js:685:22)\n    at FiltersContainer.selectCheckbox (/Users/dbbe/dbbe-e2e-tests/Pages/Accounts/FiltersContainer.js:58:26)\n    at FiltersContainer.checkLoansFilter (/Users/dbbe/dbbe-e2e-tests/Pages/Accounts/FiltersContainer.js:47:53)\n    at World.<anonymous> (/Users/dbbe/dbbe-e2e-tests/features/step_definitions/filteringAccounts_steps.js:29:39)"
      },
      {
        "passed": true
      }
    ],
    "duration": null
  },
  {
    "description": "Filtering with checkboxes CurrentAccounts:+, TeamDeposits:+, Loans:+, CreditCards:-",
    "assertions": [
      {
        "passed": true
      },
      {
        "passed": true
      },
      {
        "passed": true
      },
      {
        "passed": true
      },
      {
        "passed": true
      },
      {
        "passed": false,
        "errorMsg": "stale element reference: element is not attached to the page document\n  (Session info: chrome=56.0.2924.87)\n  (Driver info: chromedriver=2.29.461585 (0be2cd95f834e9ee7c46bcc7cf405b483f5ae83b),platform=Mac OS X 10.12.0 x86_64) (WARNING: The server did not provide any stacktrace information)\nCommand duration or timeout: 11 milliseconds\nFor documentation on this error, please visit: http://seleniumhq.org/exceptions/stale_element_reference.html\nBuild info: version: '3.3.1', revision: '5234b32', time: '2017-03-10 09:04:52 -0800'\nSystem info: host: 'Digitals-MacBook-Air.local', ip: 'fe80:0:0:0:c71:c06:a0cb:f5f4%en0', os.name: 'Mac OS X', os.arch: 'x86_64', os.version: '10.12', java.version: '1.8.0_112'\nDriver info: org.openqa.selenium.chrome.ChromeDriver\nCapabilities [{applicationCacheEnabled=false, rotatable=false, mobileEmulationEnabled=false, networkConnectionEnabled=false, chrome={chromedriverVersion=2.29.461585 (0be2cd95f834e9ee7c46bcc7cf405b483f5ae83b), userDataDir=/var/folders/yh/9v78ycjj3jd_ngqhts5xtgjw0000gn/T/.org.chromium.Chromium.I6Z1NC}, takesHeapSnapshot=true, pageLoadStrategy=normal, databaseEnabled=false, handlesAlerts=true, hasTouchScreen=false, version=56.0.2924.87, platform=MAC, browserConnectionEnabled=false, nativeEvents=true, acceptSslCerts=true, locationContextEnabled=true, webStorageEnabled=true, browserName=chrome, takesScreenshot=true, javascriptEnabled=true, cssSelectorsEnabled=true, unexpectedAlertBehaviour=}]\nSession ID: a0d250bd8af2396068af9bda98bdfe94",
        "stackTrace": "StaleElementReferenceError: stale element reference: element is not attached to the page document\n  (Session info: chrome=56.0.2924.87)\n  (Driver info: chromedriver=2.29.461585 (0be2cd95f834e9ee7c46bcc7cf405b483f5ae83b),platform=Mac OS X 10.12.0 x86_64) (WARNING: The server did not provide any stacktrace information)\nCommand duration or timeout: 11 milliseconds\nFor documentation on this error, please visit: http://seleniumhq.org/exceptions/stale_element_reference.html\nBuild info: version: '3.3.1', revision: '5234b32', time: '2017-03-10 09:04:52 -0800'\nSystem info: host: 'Digitals-MacBook-Air.local', ip: 'fe80:0:0:0:c71:c06:a0cb:f5f4%en0', os.name: 'Mac OS X', os.arch: 'x86_64', os.version: '10.12', java.version: '1.8.0_112'\nDriver info: org.openqa.selenium.chrome.ChromeDriver\nCapabilities [{applicationCacheEnabled=false, rotatable=false, mobileEmulationEnabled=false, networkConnectionEnabled=false, chrome={chromedriverVersion=2.29.461585 (0be2cd95f834e9ee7c46bcc7cf405b483f5ae83b), userDataDir=/var/folders/yh/9v78ycjj3jd_ngqhts5xtgjw0000gn/T/.org.chromium.Chromium.I6Z1NC}, takesHeapSnapshot=true, pageLoadStrategy=normal, databaseEnabled=false, handlesAlerts=true, hasTouchScreen=false, version=56.0.2924.87, platform=MAC, browserConnectionEnabled=false, nativeEvents=true, acceptSslCerts=true, locationContextEnabled=true, webStorageEnabled=true, browserName=chrome, takesScreenshot=true, javascriptEnabled=true, cssSelectorsEnabled=true, unexpectedAlertBehaviour=}]\nSession ID: a0d250bd8af2396068af9bda98bdfe94\n    at WebDriverError (/Users/dbbe/dbbe-e2e-tests/node_modules/selenium-webdriver/error.js:27:5)\n    at StaleElementReferenceError (/Users/dbbe/dbbe-e2e-tests/node_modules/selenium-webdriver/error.js:314:5)\n    at Object.checkLegacyResponse (/Users/dbbe/dbbe-e2e-tests/node_modules/selenium-webdriver/error.js:580:13)\n    at /Users/dbbe/dbbe-e2e-tests/node_modules/selenium-webdriver/lib/webdriver.js:360:15\n    at Promise.invokeCallback_ (/Users/dbbe/dbbe-e2e-tests/node_modules/selenium-webdriver/lib/promise.js:1329:14)\n    at TaskQueue.execute_ (/Users/dbbe/dbbe-e2e-tests/node_modules/selenium-webdriver/lib/promise.js:2790:14)\n    at TaskQueue.executeNext_ (/Users/dbbe/dbbe-e2e-tests/node_modules/selenium-webdriver/lib/promise.js:2773:21)\n    at asyncRun (/Users/dbbe/dbbe-e2e-tests/node_modules/selenium-webdriver/lib/promise.js:2652:27)\n    at /Users/dbbe/dbbe-e2e-tests/node_modules/selenium-webdriver/lib/promise.js:639:7\n    at process._tickCallback (internal/process/next_tick.js:103:7)\nError\n    at ElementArrayFinder.applyAction_ (/Users/dbbe/dbbe-e2e-tests/node_modules/protractor/built/element.js:371:27)\n    at ElementArrayFinder._this.(anonymous function) [as isSelected] (/Users/dbbe/dbbe-e2e-tests/node_modules/protractor/built/element.js:83:30)\n    at ElementFinder._this.(anonymous function) [as isSelected] (/Users/dbbe/dbbe-e2e-tests/node_modules/protractor/built/element.js:685:22)\n    at FiltersContainer.selectCheckbox (/Users/dbbe/dbbe-e2e-tests/Pages/Accounts/FiltersContainer.js:58:26)\n    at FiltersContainer.checkTeamDepositsFilter (/Users/dbbe/dbbe-e2e-tests/Pages/Accounts/FiltersContainer.js:44:60)\n    at World.<anonymous> (/Users/dbbe/dbbe-e2e-tests/features/step_definitions/filteringAccounts_steps.js:23:39)"
      },
      {
        "passed": true
      }
    ],
    "duration": null
  },
  {
    "description": "Filtering with checkboxes CurrentAccounts:+, TeamDeposits:+, Loans:+, CreditCards:+",
    "assertions": [
      {
        "passed": true
      },
      {
        "passed": true
      },
      {
        "passed": true
      },
      {
        "passed": true
      },
      {
        "passed": true
      },
      {
        "passed": false,
        "errorMsg": "No element found using locator: By(css selector, #kind-filter-loans)",
        "stackTrace": "NoSuchElementError: No element found using locator: By(css selector, #kind-filter-loans)\n    at WebDriverError (/Users/dbbe/dbbe-e2e-tests/node_modules/selenium-webdriver/error.js:27:5)\n    at NoSuchElementError (/Users/dbbe/dbbe-e2e-tests/node_modules/selenium-webdriver/error.js:230:5)\n    at /Users/dbbe/dbbe-e2e-tests/node_modules/protractor/built/element.js:662:27\n    at Promise.invokeCallback_ (/Users/dbbe/dbbe-e2e-tests/node_modules/selenium-webdriver/lib/promise.js:1329:14)\n    at TaskQueue.execute_ (/Users/dbbe/dbbe-e2e-tests/node_modules/selenium-webdriver/lib/promise.js:2790:14)\n    at TaskQueue.executeNext_ (/Users/dbbe/dbbe-e2e-tests/node_modules/selenium-webdriver/lib/promise.js:2773:21)\n    at asyncRun (/Users/dbbe/dbbe-e2e-tests/node_modules/selenium-webdriver/lib/promise.js:2652:27)\n    at /Users/dbbe/dbbe-e2e-tests/node_modules/selenium-webdriver/lib/promise.js:639:7\n    at process._tickCallback (internal/process/next_tick.js:103:7)\nError\n    at ElementArrayFinder.applyAction_ (/Users/dbbe/dbbe-e2e-tests/node_modules/protractor/built/element.js:371:27)\n    at ElementArrayFinder._this.(anonymous function) [as isSelected] (/Users/dbbe/dbbe-e2e-tests/node_modules/protractor/built/element.js:83:30)\n    at ElementFinder._this.(anonymous function) [as isSelected] (/Users/dbbe/dbbe-e2e-tests/node_modules/protractor/built/element.js:685:22)\n    at FiltersContainer.selectCheckbox (/Users/dbbe/dbbe-e2e-tests/Pages/Accounts/FiltersContainer.js:58:26)\n    at FiltersContainer.checkLoansFilter (/Users/dbbe/dbbe-e2e-tests/Pages/Accounts/FiltersContainer.js:47:53)\n    at World.<anonymous> (/Users/dbbe/dbbe-e2e-tests/features/step_definitions/filteringAccounts_steps.js:29:39)"
      },
      {
        "passed": true
      }
    ],
    "duration": null
  },
  {
    "description": "All filters unselected",
    "assertions": [
      {
        "passed": true
      },
      {
        "passed": true
      },
      {
        "passed": true
      },
      {
        "passed": true
      },
      {
        "passed": true
      },
      {
        "passed": false,
        "errorMsg": "No element found using locator: By(css selector, #kind-filter-loans)",
        "stackTrace": "NoSuchElementError: No element found using locator: By(css selector, #kind-filter-loans)\n    at WebDriverError (/Users/dbbe/dbbe-e2e-tests/node_modules/selenium-webdriver/error.js:27:5)\n    at NoSuchElementError (/Users/dbbe/dbbe-e2e-tests/node_modules/selenium-webdriver/error.js:230:5)\n    at /Users/dbbe/dbbe-e2e-tests/node_modules/protractor/built/element.js:662:27\n    at Promise.invokeCallback_ (/Users/dbbe/dbbe-e2e-tests/node_modules/selenium-webdriver/lib/promise.js:1329:14)\n    at TaskQueue.execute_ (/Users/dbbe/dbbe-e2e-tests/node_modules/selenium-webdriver/lib/promise.js:2790:14)\n    at TaskQueue.executeNext_ (/Users/dbbe/dbbe-e2e-tests/node_modules/selenium-webdriver/lib/promise.js:2773:21)\n    at asyncRun (/Users/dbbe/dbbe-e2e-tests/node_modules/selenium-webdriver/lib/promise.js:2652:27)\n    at /Users/dbbe/dbbe-e2e-tests/node_modules/selenium-webdriver/lib/promise.js:639:7\n    at process._tickCallback (internal/process/next_tick.js:103:7)\nError\n    at ElementArrayFinder.applyAction_ (/Users/dbbe/dbbe-e2e-tests/node_modules/protractor/built/element.js:371:27)\n    at ElementArrayFinder._this.(anonymous function) [as isSelected] (/Users/dbbe/dbbe-e2e-tests/node_modules/protractor/built/element.js:83:30)\n    at ElementFinder._this.(anonymous function) [as isSelected] (/Users/dbbe/dbbe-e2e-tests/node_modules/protractor/built/element.js:685:22)\n    at FiltersContainer.selectCheckbox (/Users/dbbe/dbbe-e2e-tests/Pages/Accounts/FiltersContainer.js:58:26)\n    at FiltersContainer.checkLoansFilter (/Users/dbbe/dbbe-e2e-tests/Pages/Accounts/FiltersContainer.js:47:53)\n    at World.<anonymous> (/Users/dbbe/dbbe-e2e-tests/features/step_definitions/filteringAccounts_steps.js:29:39)"
      },
      {
        "passed": true
      }
    ],
    "duration": null
  },
  {
    "description": "Preconditions",
    "assertions": [
      {
        "passed": true
      },
      {
        "passed": true
      },
      {
        "passed": true
      },
      {
        "passed": true
      },
      {
        "passed": true
      }
    ],
    "duration": 14142164343
  },
  {
    "description": "Accounts shuold have name or nickname displayed on table view",
    "assertions": [
      {
        "passed": true
      },
      {
        "passed": false,
        "errorMsg": "expected 'Alias 5039' to equal 'Alias 5602'",
        "stackTrace": "AssertionError: expected 'Alias 5039' to equal 'Alias 5602'"
      },
      {
        "passed": true
      }
    ],
    "duration": 533675258
  },
  {
    "description": "Accounts shuold have name or nickname displayed on table view",
    "assertions": [
      {
        "passed": true
      },
      {
        "passed": false,
        "errorMsg": "expected 'Alias 5257' to equal 'Alias 5603'",
        "stackTrace": "AssertionError: expected 'Alias 5257' to equal 'Alias 5603'"
      },
      {
        "passed": true
      }
    ],
    "duration": 329713505
  },
  {
    "description": "Preconditions",
    "assertions": [
      {
        "passed": true
      },
      {
        "passed": true
      },
      {
        "passed": true
      },
      {
        "passed": true
      },
      {
        "passed": true
      }
    ],
    "duration": 13124978449
  },
  {
    "description": "Accounts shuold have name or nickname displayed on tile view",
    "assertions": [
      {
        "passed": false,
        "errorMsg": "expected 'Alias 5039' to equal 'Alias 5602'",
        "stackTrace": "AssertionError: expected 'Alias 5039' to equal 'Alias 5602'"
      },
      {
        "passed": true
      }
    ],
    "duration": 311854198
  },
  {
    "description": "Accounts shuold have name or nickname displayed on tile view",
    "assertions": [
      {
        "passed": false,
        "errorMsg": "expected 'Alias 5257' to equal 'Alias 5603'",
        "stackTrace": "AssertionError: expected 'Alias 5257' to equal 'Alias 5603'"
      },
      {
        "passed": true
      }
    ],
    "duration": 290648155
  },
  {
    "description": "Precondition",
    "assertions": [
      {
        "passed": true
      },
      {
        "passed": true
      },
      {
        "passed": true
      },
      {
        "passed": true
      },
      {
        "passed": true
      },
      {
        "passed": true
      }
    ],
    "duration": 15155886836
  },
  {
    "description": "Search",
    "assertions": [
      {
        "passed": false,
        "errorMsg": "No element found using locator: By(css selector, [test-hook=\"transactionSearchField\"])",
        "stackTrace": "NoSuchElementError: No element found using locator: By(css selector, [test-hook=\"transactionSearchField\"])\n    at WebDriverError (/Users/dbbe/dbbe-e2e-tests/node_modules/selenium-webdriver/error.js:27:5)\n    at NoSuchElementError (/Users/dbbe/dbbe-e2e-tests/node_modules/selenium-webdriver/error.js:230:5)\n    at /Users/dbbe/dbbe-e2e-tests/node_modules/protractor/built/element.js:662:27\n    at Promise.invokeCallback_ (/Users/dbbe/dbbe-e2e-tests/node_modules/selenium-webdriver/lib/promise.js:1329:14)\n    at TaskQueue.execute_ (/Users/dbbe/dbbe-e2e-tests/node_modules/selenium-webdriver/lib/promise.js:2790:14)\n    at TaskQueue.executeNext_ (/Users/dbbe/dbbe-e2e-tests/node_modules/selenium-webdriver/lib/promise.js:2773:21)\n    at asyncRun (/Users/dbbe/dbbe-e2e-tests/node_modules/selenium-webdriver/lib/promise.js:2652:27)\n    at /Users/dbbe/dbbe-e2e-tests/node_modules/selenium-webdriver/lib/promise.js:639:7\n    at process._tickCallback (internal/process/next_tick.js:103:7)\nError\n    at ElementArrayFinder.applyAction_ (/Users/dbbe/dbbe-e2e-tests/node_modules/protractor/built/element.js:371:27)\n    at ElementArrayFinder._this.(anonymous function) [as clear] (/Users/dbbe/dbbe-e2e-tests/node_modules/protractor/built/element.js:83:30)\n    at ElementFinder._this.(anonymous function) [as clear] (/Users/dbbe/dbbe-e2e-tests/node_modules/protractor/built/element.js:685:22)\n    at FiltersContainer.clearSearchTransactionsField (/Users/dbbe/dbbe-e2e-tests/Pages/Transactions/SearchWidget.js:14:75)\n    at World.<anonymous> (/Users/dbbe/dbbe-e2e-tests/features/step_definitions/transactionsSearch_steps.js:16:46)"
      },
      {
        "passed": true
      }
    ],
    "duration": null
  },
  {
    "description": "Search",
    "assertions": [
      {
        "passed": false,
        "errorMsg": "No element found using locator: By(css selector, [test-hook=\"transactionSearchField\"])",
        "stackTrace": "NoSuchElementError: No element found using locator: By(css selector, [test-hook=\"transactionSearchField\"])\n    at WebDriverError (/Users/dbbe/dbbe-e2e-tests/node_modules/selenium-webdriver/error.js:27:5)\n    at NoSuchElementError (/Users/dbbe/dbbe-e2e-tests/node_modules/selenium-webdriver/error.js:230:5)\n    at /Users/dbbe/dbbe-e2e-tests/node_modules/protractor/built/element.js:662:27\n    at Promise.invokeCallback_ (/Users/dbbe/dbbe-e2e-tests/node_modules/selenium-webdriver/lib/promise.js:1329:14)\n    at TaskQueue.execute_ (/Users/dbbe/dbbe-e2e-tests/node_modules/selenium-webdriver/lib/promise.js:2790:14)\n    at TaskQueue.executeNext_ (/Users/dbbe/dbbe-e2e-tests/node_modules/selenium-webdriver/lib/promise.js:2773:21)\n    at asyncRun (/Users/dbbe/dbbe-e2e-tests/node_modules/selenium-webdriver/lib/promise.js:2652:27)\n    at /Users/dbbe/dbbe-e2e-tests/node_modules/selenium-webdriver/lib/promise.js:639:7\n    at process._tickCallback (internal/process/next_tick.js:103:7)\nError\n    at ElementArrayFinder.applyAction_ (/Users/dbbe/dbbe-e2e-tests/node_modules/protractor/built/element.js:371:27)\n    at ElementArrayFinder._this.(anonymous function) [as clear] (/Users/dbbe/dbbe-e2e-tests/node_modules/protractor/built/element.js:83:30)\n    at ElementFinder._this.(anonymous function) [as clear] (/Users/dbbe/dbbe-e2e-tests/node_modules/protractor/built/element.js:685:22)\n    at FiltersContainer.clearSearchTransactionsField (/Users/dbbe/dbbe-e2e-tests/Pages/Transactions/SearchWidget.js:14:75)\n    at World.<anonymous> (/Users/dbbe/dbbe-e2e-tests/features/step_definitions/transactionsSearch_steps.js:16:46)"
      },
      {
        "passed": true
      }
    ],
    "duration": null
  },
  {
    "description": "Search",
    "assertions": [
      {
        "passed": true
      },
      {
        "passed": true
      },
      {
        "passed": false,
        "errorMsg": "No element found using locator: By(css selector, .transaction-description)",
        "stackTrace": "NoSuchElementError: No element found using locator: By(css selector, .transaction-description)\n    at WebDriverError (/Users/dbbe/dbbe-e2e-tests/node_modules/selenium-webdriver/error.js:27:5)\n    at NoSuchElementError (/Users/dbbe/dbbe-e2e-tests/node_modules/selenium-webdriver/error.js:230:5)\n    at /Users/dbbe/dbbe-e2e-tests/node_modules/protractor/built/element.js:662:27\n    at Promise.invokeCallback_ (/Users/dbbe/dbbe-e2e-tests/node_modules/selenium-webdriver/lib/promise.js:1329:14)\n    at TaskQueue.execute_ (/Users/dbbe/dbbe-e2e-tests/node_modules/selenium-webdriver/lib/promise.js:2790:14)\n    at TaskQueue.executeNext_ (/Users/dbbe/dbbe-e2e-tests/node_modules/selenium-webdriver/lib/promise.js:2773:21)\n    at asyncRun (/Users/dbbe/dbbe-e2e-tests/node_modules/selenium-webdriver/lib/promise.js:2652:27)\n    at /Users/dbbe/dbbe-e2e-tests/node_modules/selenium-webdriver/lib/promise.js:639:7\n    at process._tickCallback (internal/process/next_tick.js:103:7)\nError\n    at ElementArrayFinder.applyAction_ (/Users/dbbe/dbbe-e2e-tests/node_modules/protractor/built/element.js:371:27)\n    at ElementArrayFinder._this.(anonymous function) [as getText] (/Users/dbbe/dbbe-e2e-tests/node_modules/protractor/built/element.js:83:30)\n    at ElementFinder._this.(anonymous function) [as getText] (/Users/dbbe/dbbe-e2e-tests/node_modules/protractor/built/element.js:685:22)\n    at FiltersContainer.get descriptionText [as descriptionText] (/Users/dbbe/dbbe-e2e-tests/Pages/Transactions/SearchWidget.js:16:71)\n    at World.<anonymous> (/Users/dbbe/dbbe-e2e-tests/features/step_definitions/transactionsSearch_steps.js:27:45)"
      },
      {
        "passed": true
      }
    ],
    "duration": 39807991356
  },
  {
    "description": "Precondition",
    "assertions": [
      {
        "passed": true
      },
      {
        "passed": true
      },
      {
        "passed": true
      },
      {
        "passed": true
      },
      {
        "passed": true
      }
    ],
    "duration": 15411956662
  },
  {
    "description": "View transactions list for Current Account",
    "assertions": [
      {
        "passed": true
      },
      {
        "passed": false,
        "errorMsg": "No element found using locator: By(css selector, [test-hook=\"transaction.1\"])",
        "stackTrace": "NoSuchElementError: No element found using locator: By(css selector, [test-hook=\"transaction.1\"])\n    at WebDriverError (/Users/dbbe/dbbe-e2e-tests/node_modules/selenium-webdriver/error.js:27:5)\n    at NoSuchElementError (/Users/dbbe/dbbe-e2e-tests/node_modules/selenium-webdriver/error.js:230:5)\n    at /Users/dbbe/dbbe-e2e-tests/node_modules/protractor/built/element.js:662:27\n    at Promise.invokeCallback_ (/Users/dbbe/dbbe-e2e-tests/node_modules/selenium-webdriver/lib/promise.js:1329:14)\n    at TaskQueue.execute_ (/Users/dbbe/dbbe-e2e-tests/node_modules/selenium-webdriver/lib/promise.js:2790:14)\n    at TaskQueue.executeNext_ (/Users/dbbe/dbbe-e2e-tests/node_modules/selenium-webdriver/lib/promise.js:2773:21)\n    at asyncRun (/Users/dbbe/dbbe-e2e-tests/node_modules/selenium-webdriver/lib/promise.js:2652:27)\n    at /Users/dbbe/dbbe-e2e-tests/node_modules/selenium-webdriver/lib/promise.js:639:7\n    at process._tickCallback (internal/process/next_tick.js:103:7)\nError\n    at ElementArrayFinder.applyAction_ (/Users/dbbe/dbbe-e2e-tests/node_modules/protractor/built/element.js:371:27)\n    at ElementArrayFinder._this.(anonymous function) [as click] (/Users/dbbe/dbbe-e2e-tests/node_modules/protractor/built/element.js:83:30)\n    at ElementFinder._this.(anonymous function) [as click] (/Users/dbbe/dbbe-e2e-tests/node_modules/protractor/built/element.js:685:22)\n    at AccountsPage.selectTransactionByID (/Users/dbbe/dbbe-e2e-tests/Pages/Transactions/TransactionDetailsPage.js:15:94)\n    at World.<anonymous> (/Users/dbbe/dbbe-e2e-tests/features/step_definitions/transactionsDetails_steps.js:9:35)"
      },
      {
        "passed": true
      }
    ],
    "duration": null
  },
  {
    "description": "View transactions list for Current Account",
    "assertions": [
      {
        "passed": true
      },
      {
        "passed": false,
        "errorMsg": "No element found using locator: By(css selector, [test-hook=\"transaction.1\"])",
        "stackTrace": "NoSuchElementError: No element found using locator: By(css selector, [test-hook=\"transaction.1\"])\n    at WebDriverError (/Users/dbbe/dbbe-e2e-tests/node_modules/selenium-webdriver/error.js:27:5)\n    at NoSuchElementError (/Users/dbbe/dbbe-e2e-tests/node_modules/selenium-webdriver/error.js:230:5)\n    at /Users/dbbe/dbbe-e2e-tests/node_modules/protractor/built/element.js:662:27\n    at Promise.invokeCallback_ (/Users/dbbe/dbbe-e2e-tests/node_modules/selenium-webdriver/lib/promise.js:1329:14)\n    at TaskQueue.execute_ (/Users/dbbe/dbbe-e2e-tests/node_modules/selenium-webdriver/lib/promise.js:2790:14)\n    at TaskQueue.executeNext_ (/Users/dbbe/dbbe-e2e-tests/node_modules/selenium-webdriver/lib/promise.js:2773:21)\n    at asyncRun (/Users/dbbe/dbbe-e2e-tests/node_modules/selenium-webdriver/lib/promise.js:2652:27)\n    at /Users/dbbe/dbbe-e2e-tests/node_modules/selenium-webdriver/lib/promise.js:639:7\n    at process._tickCallback (internal/process/next_tick.js:103:7)\nError\n    at ElementArrayFinder.applyAction_ (/Users/dbbe/dbbe-e2e-tests/node_modules/protractor/built/element.js:371:27)\n    at ElementArrayFinder._this.(anonymous function) [as click] (/Users/dbbe/dbbe-e2e-tests/node_modules/protractor/built/element.js:83:30)\n    at ElementFinder._this.(anonymous function) [as click] (/Users/dbbe/dbbe-e2e-tests/node_modules/protractor/built/element.js:685:22)\n    at AccountsPage.selectTransactionByID (/Users/dbbe/dbbe-e2e-tests/Pages/Transactions/TransactionDetailsPage.js:15:94)\n    at World.<anonymous> (/Users/dbbe/dbbe-e2e-tests/features/step_definitions/transactionsDetails_steps.js:9:35)"
      },
      {
        "passed": true
      }
    ],
    "duration": null
  },
  {
    "description": "View transactions list for Current Account",
    "assertions": [
      {
        "passed": true
      },
      {
        "passed": false,
        "errorMsg": "No element found using locator: By(css selector, [test-hook=\"transaction.2\"])",
        "stackTrace": "NoSuchElementError: No element found using locator: By(css selector, [test-hook=\"transaction.2\"])\n    at WebDriverError (/Users/dbbe/dbbe-e2e-tests/node_modules/selenium-webdriver/error.js:27:5)\n    at NoSuchElementError (/Users/dbbe/dbbe-e2e-tests/node_modules/selenium-webdriver/error.js:230:5)\n    at /Users/dbbe/dbbe-e2e-tests/node_modules/protractor/built/element.js:662:27\n    at Promise.invokeCallback_ (/Users/dbbe/dbbe-e2e-tests/node_modules/selenium-webdriver/lib/promise.js:1329:14)\n    at TaskQueue.execute_ (/Users/dbbe/dbbe-e2e-tests/node_modules/selenium-webdriver/lib/promise.js:2790:14)\n    at TaskQueue.executeNext_ (/Users/dbbe/dbbe-e2e-tests/node_modules/selenium-webdriver/lib/promise.js:2773:21)\n    at asyncRun (/Users/dbbe/dbbe-e2e-tests/node_modules/selenium-webdriver/lib/promise.js:2652:27)\n    at /Users/dbbe/dbbe-e2e-tests/node_modules/selenium-webdriver/lib/promise.js:639:7\n    at process._tickCallback (internal/process/next_tick.js:103:7)\nError\n    at ElementArrayFinder.applyAction_ (/Users/dbbe/dbbe-e2e-tests/node_modules/protractor/built/element.js:371:27)\n    at ElementArrayFinder._this.(anonymous function) [as click] (/Users/dbbe/dbbe-e2e-tests/node_modules/protractor/built/element.js:83:30)\n    at ElementFinder._this.(anonymous function) [as click] (/Users/dbbe/dbbe-e2e-tests/node_modules/protractor/built/element.js:685:22)\n    at AccountsPage.selectTransactionByID (/Users/dbbe/dbbe-e2e-tests/Pages/Transactions/TransactionDetailsPage.js:15:94)\n    at World.<anonymous> (/Users/dbbe/dbbe-e2e-tests/features/step_definitions/transactionsDetails_steps.js:9:35)"
      },
      {
        "passed": true
      }
    ],
    "duration": null
  },
  {
    "description": "Precondition",
    "assertions": [
      {
        "passed": true
      },
      {
        "passed": true
      },
      {
        "passed": true
      },
      {
        "passed": true
      },
      {
        "passed": true
      }
    ],
    "duration": 13854504354
  },
  {
    "description": "Current Accounts - No Transactions available - Account Selector",
    "assertions": [
      {
        "passed": true
      },
      {
        "passed": false,
        "errorMsg": "No element found using locator: By(css selector, [test-hook=\"noTransactionsMessageContainer\"])",
        "stackTrace": "NoSuchElementError: No element found using locator: By(css selector, [test-hook=\"noTransactionsMessageContainer\"])\n    at WebDriverError (/Users/dbbe/dbbe-e2e-tests/node_modules/selenium-webdriver/error.js:27:5)\n    at NoSuchElementError (/Users/dbbe/dbbe-e2e-tests/node_modules/selenium-webdriver/error.js:230:5)\n    at /Users/dbbe/dbbe-e2e-tests/node_modules/protractor/built/element.js:662:27\n    at Promise.invokeCallback_ (/Users/dbbe/dbbe-e2e-tests/node_modules/selenium-webdriver/lib/promise.js:1329:14)\n    at TaskQueue.execute_ (/Users/dbbe/dbbe-e2e-tests/node_modules/selenium-webdriver/lib/promise.js:2790:14)\n    at TaskQueue.executeNext_ (/Users/dbbe/dbbe-e2e-tests/node_modules/selenium-webdriver/lib/promise.js:2773:21)\n    at asyncRun (/Users/dbbe/dbbe-e2e-tests/node_modules/selenium-webdriver/lib/promise.js:2652:27)\n    at /Users/dbbe/dbbe-e2e-tests/node_modules/selenium-webdriver/lib/promise.js:639:7\n    at process._tickCallback (internal/process/next_tick.js:103:7)\nError\n    at ElementArrayFinder.applyAction_ (/Users/dbbe/dbbe-e2e-tests/node_modules/protractor/built/element.js:371:27)\n    at ElementArrayFinder._this.(anonymous function) [as getText] (/Users/dbbe/dbbe-e2e-tests/node_modules/protractor/built/element.js:83:30)\n    at ElementFinder._this.(anonymous function) [as getText] (/Users/dbbe/dbbe-e2e-tests/node_modules/protractor/built/element.js:685:22)\n    at AccountsPage.get noTransactionsMessageText [as noTransactionsMessageText] (/Users/dbbe/dbbe-e2e-tests/Pages/Transactions/TransactionDetailsPage.js:25:74)\n    at World.<anonymous> (/Users/dbbe/dbbe-e2e-tests/features/step_definitions/transactionsDetails_steps.js:47:34)"
      },
      {
        "passed": true
      }
    ],
    "duration": 20503062429
  },
  {
    "description": "Current Accounts - No Transactions available - Account Selector",
    "assertions": [
      {
        "passed": true
      },
      {
        "passed": false,
        "errorMsg": "No element found using locator: By(css selector, [test-hook=\"noTransactionsMessageContainer\"])",
        "stackTrace": "NoSuchElementError: No element found using locator: By(css selector, [test-hook=\"noTransactionsMessageContainer\"])\n    at WebDriverError (/Users/dbbe/dbbe-e2e-tests/node_modules/selenium-webdriver/error.js:27:5)\n    at NoSuchElementError (/Users/dbbe/dbbe-e2e-tests/node_modules/selenium-webdriver/error.js:230:5)\n    at /Users/dbbe/dbbe-e2e-tests/node_modules/protractor/built/element.js:662:27\n    at Promise.invokeCallback_ (/Users/dbbe/dbbe-e2e-tests/node_modules/selenium-webdriver/lib/promise.js:1329:14)\n    at TaskQueue.execute_ (/Users/dbbe/dbbe-e2e-tests/node_modules/selenium-webdriver/lib/promise.js:2790:14)\n    at TaskQueue.executeNext_ (/Users/dbbe/dbbe-e2e-tests/node_modules/selenium-webdriver/lib/promise.js:2773:21)\n    at asyncRun (/Users/dbbe/dbbe-e2e-tests/node_modules/selenium-webdriver/lib/promise.js:2652:27)\n    at /Users/dbbe/dbbe-e2e-tests/node_modules/selenium-webdriver/lib/promise.js:639:7\n    at process._tickCallback (internal/process/next_tick.js:103:7)\nError\n    at ElementArrayFinder.applyAction_ (/Users/dbbe/dbbe-e2e-tests/node_modules/protractor/built/element.js:371:27)\n    at ElementArrayFinder._this.(anonymous function) [as getText] (/Users/dbbe/dbbe-e2e-tests/node_modules/protractor/built/element.js:83:30)\n    at ElementFinder._this.(anonymous function) [as getText] (/Users/dbbe/dbbe-e2e-tests/node_modules/protractor/built/element.js:685:22)\n    at AccountsPage.get noTransactionsMessageText [as noTransactionsMessageText] (/Users/dbbe/dbbe-e2e-tests/Pages/Transactions/TransactionDetailsPage.js:25:74)\n    at World.<anonymous> (/Users/dbbe/dbbe-e2e-tests/features/step_definitions/transactionsDetails_steps.js:47:34)"
      },
      {
        "passed": true
      }
    ],
    "duration": 20437708994
  },
  {
    "description": "Precondition",
    "assertions": [
      {
        "passed": true
      },
      {
        "passed": true
      },
      {
        "passed": true
      },
      {
        "passed": true
      },
      {
        "passed": true
      }
    ],
    "duration": 14919739444
  },
  {
    "description": "I select a Branch Banking Account to view it's details",
    "assertions": [
      {
        "passed": true
      },
      {
        "passed": false,
        "errorMsg": "expected 'Alias 5601' to equal 'Alias 1188'",
        "stackTrace": "AssertionError: expected 'Alias 5601' to equal 'Alias 1188'"
      },
      {
        "passed": true
      }
    ],
    "duration": null
  },
  {
    "description": "I select a Branch Banking Account to view it's details",
    "assertions": [
      {
        "passed": true
      },
      {
        "passed": false,
        "errorMsg": "expected 'Alias 9018' to equal 'Term Deposit 4463'",
        "stackTrace": "AssertionError: expected 'Alias 9018' to equal 'Term Deposit 4463'"
      },
      {
        "passed": true
      }
    ],
    "duration": null
  },
  {
    "description": "I select a Credit Card to view it's details",
    "assertions": [
      {
        "passed": true
      },
      {
        "passed": false,
        "errorMsg": "expected 'Alias 5605' to equal 'Credit Card 5700'",
        "stackTrace": "AssertionError: expected 'Alias 5605' to equal 'Credit Card 5700'"
      },
      {
        "passed": true
      }
    ],
    "duration": null
  }
]